Starting NMTRAN
  
 WARNINGS AND ERRORS (IF ANY) FOR PROBLEM    1
             
 (WARNING  2) NM-TRAN INFERS THAT THE DATA ARE POPULATION.

 (MU_WARNING 6) THETA(007): SHOULD BE ASSOCIATED WITH ONLY ONE MU_.

 (MU_WARNING 6) THETA(008): SHOULD BE ASSOCIATED WITH ONLY ONE MU_.

 (MU_WARNING 26) DATA ITEM(S) USED IN DEFINITION OF MU_(S) SHOULD BE CONSTANT FOR INDIV. REC.:
  WT AGE EGFR
             
 (WARNING  121) INTERACTION IS IMPLIED WITH EM/BAYES ESTIMATION METHODS

 LIM VALUES MAXLIM ASSESSED BY NMTRAN: 1,2,3,4,5,6,7,8,10,11,13,15,16        
Recompiling certain components
 Minimum value for a list item exceeded:      1

 USING PARALLEL PROFILE 200_1.pnm
 MPI TRANSFER TYPE SELECTED
Building NONMEM Executable
 Minimum value for a list item exceeded:      1
 Parallelization Warnings are in FPWARN
Starting MPI version of nonmem execution ...
Manager Location ip-10-128-1-11//data/iu-nonmem-bayes-2023/model/nonmem/200/200_1
 Minimum value for a list item exceeded:      1
 Parallelization Warnings are in FPWARN
License Registered to: Metrum Research Group (with RADAR5NM)
Expiration Date:    14 JUL 2023
Current Date:       22 MAR 2023
Days until program expires : 112
 Minimum value for a list item exceeded:      1
 Parallelization Warnings are in FPWARN


 Chain Method Processing


 Minimum value for a list item exceeded:      1
 Parallelization Warnings are in FPWARN


 NUTS Bayesian Analysis
 MONITORING OF SEARCH:

 Burn-in Mode
 iteration         -321 MCMCOBJ=    28633.916292636022     
 iteration         -320 MCMCOBJ=    28633.916292636022     
 iteration         -319 MCMCOBJ=    26853.020018673204     
 maximum depth reached:           10
 iteration         -318 MCMCOBJ=    26395.916343928773     
 maximum depth reached:           10
 iteration         -317 MCMCOBJ=    26102.969286268188     
 maximum depth reached:           10
 iteration         -316 MCMCOBJ=    26022.940801753783     
 maximum depth reached:           10
 iteration         -315 MCMCOBJ=    25924.359156481820     
 maximum depth reached:           10
 iteration         -314 MCMCOBJ=    25913.026889510889     
 maximum depth reached:           10
 iteration         -313 MCMCOBJ=    25869.170996310771     
 maximum depth reached:           10
 iteration         -312 MCMCOBJ=    25604.999022291602     
 maximum depth reached:           10
 iteration         -311 MCMCOBJ=    25499.717357634931     
 maximum depth reached:           10
 iteration         -310 MCMCOBJ=    25314.649887485451     
 maximum depth reached:           10
 iteration         -309 MCMCOBJ=    24991.810777201645     
 maximum depth reached:           10
 iteration         -308 MCMCOBJ=    24473.669811661053     
 maximum depth reached:           10
 iteration         -307 MCMCOBJ=    24243.073695953030     
 maximum depth reached:           10
 iteration         -306 MCMCOBJ=    24112.373273187379     
 iteration         -305 MCMCOBJ=    24116.991336403702     
 maximum depth reached:           10
 iteration         -304 MCMCOBJ=    24080.757627284325     
 maximum depth reached:           10
 iteration         -303 MCMCOBJ=    24123.304965581105     
 maximum depth reached:           10
 iteration         -302 MCMCOBJ=    24115.405613559651     
 maximum depth reached:           10
 iteration         -301 MCMCOBJ=    24097.478228713066     
 maximum depth reached:           10
 iteration         -300 MCMCOBJ=    23929.366136668774     
 iteration         -299 MCMCOBJ=    23908.873789325713     
 iteration         -298 MCMCOBJ=    23916.504481226413     
 maximum depth reached:           10
 iteration         -297 MCMCOBJ=    23941.035896569378     
 maximum depth reached:           10
 iteration         -296 MCMCOBJ=    23915.134768933302     
 maximum depth reached:           10
 iteration         -295 MCMCOBJ=    23832.571527235144     
 maximum depth reached:           10
 iteration         -294 MCMCOBJ=    23867.475164999305     
 maximum depth reached:           10
 iteration         -293 MCMCOBJ=    23855.066716871715     
 iteration         -292 MCMCOBJ=    23855.150692927884     
 iteration         -291 MCMCOBJ=    23762.588083954754     
 iteration         -290 MCMCOBJ=    23768.563956917067     
 maximum depth reached:           10
 iteration         -289 MCMCOBJ=    23805.990543667060     
 maximum depth reached:           10
 iteration         -288 MCMCOBJ=    23804.520093656807     
 maximum depth reached:           10
 iteration         -287 MCMCOBJ=    23816.013334367599     
 maximum depth reached:           10
 iteration         -286 MCMCOBJ=    23823.584422474523     
 maximum depth reached:           10
 iteration         -285 MCMCOBJ=    23758.425195589149     
 maximum depth reached:           10
 iteration         -284 MCMCOBJ=    23703.888663719288     
 maximum depth reached:           10
 iteration         -283 MCMCOBJ=    23764.151601538055     
 maximum depth reached:           10
 iteration         -282 MCMCOBJ=    23753.755523774737     
 iteration         -281 MCMCOBJ=    23772.720088606475     
 maximum depth reached:           10
 iteration         -280 MCMCOBJ=    23812.858895758858     
 maximum depth reached:           10
 iteration         -279 MCMCOBJ=    23786.785415846960     
 maximum depth reached:           10
 iteration         -278 MCMCOBJ=    23827.755254449130     
 maximum depth reached:           10
 iteration         -277 MCMCOBJ=    23876.608996698928     
 maximum depth reached:           10
 iteration         -276 MCMCOBJ=    23796.858398577770     
 maximum depth reached:           10
 iteration         -275 MCMCOBJ=    23802.649840891856     
 maximum depth reached:           10
 iteration         -274 MCMCOBJ=    23798.049150633491     
 maximum depth reached:           10
 iteration         -273 MCMCOBJ=    23793.389829507239     
 maximum depth reached:           10
 iteration         -272 MCMCOBJ=    23797.246061090511     
 maximum depth reached:           10
 iteration         -271 MCMCOBJ=    23808.960249733489     
 iteration         -270 MCMCOBJ=    23777.329790234096     
 maximum depth reached:           10
 iteration         -269 MCMCOBJ=    23745.901594353636     
 maximum depth reached:           10
 iteration         -268 MCMCOBJ=    23773.081950198495     
 iteration         -267 MCMCOBJ=    23779.129908651888     
 maximum depth reached:           10
 iteration         -266 MCMCOBJ=    23761.467887542432     
 maximum depth reached:           10
 iteration         -265 MCMCOBJ=    23798.872621585022     
 maximum depth reached:           10
 iteration         -264 MCMCOBJ=    23770.742227674069     
 maximum depth reached:           10
 iteration         -263 MCMCOBJ=    23740.973155733223     
 maximum depth reached:           10
 iteration         -262 MCMCOBJ=    23780.890665036164     
 maximum depth reached:           10
 iteration         -261 MCMCOBJ=    23809.161957498713     
 maximum depth reached:           10
 iteration         -260 MCMCOBJ=    23815.412617579306     
 maximum depth reached:           10
 iteration         -259 MCMCOBJ=    23772.753065309967     
 iteration         -258 MCMCOBJ=    23769.438821798052     
 iteration         -257 MCMCOBJ=    23753.616313927629     
 iteration         -256 MCMCOBJ=    23753.133147983444     
 maximum depth reached:           10
 iteration         -255 MCMCOBJ=    23752.559490150794     
 maximum depth reached:           10
 iteration         -254 MCMCOBJ=    23706.421773000264     
 maximum depth reached:           10
 iteration         -253 MCMCOBJ=    23703.237104890773     
 maximum depth reached:           10
 iteration         -252 MCMCOBJ=    23711.365085219502     
 maximum depth reached:           10
 iteration         -251 MCMCOBJ=    23678.371214523359     
 maximum depth reached:           10
 iteration         -250 MCMCOBJ=    23690.000994960392     
 maximum depth reached:           10
 iteration         -249 MCMCOBJ=    23706.539918180937     
 maximum depth reached:           10
 iteration         -248 MCMCOBJ=    23752.276636477367     
 maximum depth reached:           10
 iteration         -247 MCMCOBJ=    23805.661976455369     
 iteration         -246 MCMCOBJ=    23805.661976455369     
 iteration         -245 MCMCOBJ=    23805.661976455369     
 maximum depth reached:           10
 iteration         -244 MCMCOBJ=    23817.444098400490     
 maximum depth reached:           10
 iteration         -243 MCMCOBJ=    23818.174419202740     
 maximum depth reached:           10
 iteration         -242 MCMCOBJ=    23781.386287358517     
 maximum depth reached:           10
 iteration         -241 MCMCOBJ=    23721.972938022082     
 maximum depth reached:           10
 iteration         -240 MCMCOBJ=    23718.892818845401     
 maximum depth reached:           10
 iteration         -239 MCMCOBJ=    23809.788102859788     
 maximum depth reached:           10
 iteration         -238 MCMCOBJ=    23817.586290941024     
 maximum depth reached:           10
 iteration         -237 MCMCOBJ=    23869.435144206942     
 maximum depth reached:           10
 iteration         -236 MCMCOBJ=    23831.095022500394     
 maximum depth reached:           10
 iteration         -235 MCMCOBJ=    23851.736076855028     
 maximum depth reached:           10
 iteration         -234 MCMCOBJ=    23842.283208913708     
 maximum depth reached:           10
 iteration         -233 MCMCOBJ=    23821.883663151693     
 iteration         -232 MCMCOBJ=    23819.767324495202     
 maximum depth reached:           10
 iteration         -231 MCMCOBJ=    23869.975020829657     
 maximum depth reached:           10
 iteration         -230 MCMCOBJ=    23832.076769406667     
 maximum depth reached:           10
 iteration         -229 MCMCOBJ=    23861.179329683189     
 maximum depth reached:           10
 iteration         -228 MCMCOBJ=    23907.710872513453     
 iteration         -227 MCMCOBJ=    23840.088453509263     
 iteration         -226 MCMCOBJ=    23829.120652748676     
 maximum depth reached:           10
 iteration         -225 MCMCOBJ=    23814.247336476612     
 maximum depth reached:           10
 iteration         -224 MCMCOBJ=    23836.968556715234     
 maximum depth reached:           10
 iteration         -223 MCMCOBJ=    23838.123928545843     
 maximum depth reached:           10
 iteration         -222 MCMCOBJ=    23891.706766764684     
 maximum depth reached:           10
 iteration         -221 MCMCOBJ=    23899.464219287267     
 maximum depth reached:           10
 iteration         -220 MCMCOBJ=    23841.597135547145     
 maximum depth reached:           10
 iteration         -219 MCMCOBJ=    23806.831191975441     
 iteration         -218 MCMCOBJ=    23806.831191975449     
 iteration         -217 MCMCOBJ=    23806.831191975431     
 iteration         -216 MCMCOBJ=    23896.289478284845     
 iteration         -215 MCMCOBJ=    23831.439759919751     
 iteration         -214 MCMCOBJ=    23848.794015165640     
 iteration         -213 MCMCOBJ=    23932.612083959684     
 iteration         -212 MCMCOBJ=    23846.589212375176     
 iteration         -211 MCMCOBJ=    23846.589212375180     
 iteration         -210 MCMCOBJ=    23861.048500980422     
 iteration         -209 MCMCOBJ=    23908.364465198283     
 iteration         -208 MCMCOBJ=    23815.437841642695     
 iteration         -207 MCMCOBJ=    23842.286546597843     
 iteration         -206 MCMCOBJ=    23745.191665846865     
 iteration         -205 MCMCOBJ=    23779.551416894985     
 iteration         -204 MCMCOBJ=    23752.830735104915     
 iteration         -203 MCMCOBJ=    23722.767603983913     
 iteration         -202 MCMCOBJ=    23782.182113001552     
 iteration         -201 MCMCOBJ=    23748.055329421051     
 iteration         -200 MCMCOBJ=    23798.637755240383     
 iteration         -199 MCMCOBJ=    23753.710812171743     
 iteration         -198 MCMCOBJ=    23750.555900473129     
 iteration         -197 MCMCOBJ=    23800.847308981520     
 iteration         -196 MCMCOBJ=    23736.349894473195     
 iteration         -195 MCMCOBJ=    23708.584550023086     
 iteration         -194 MCMCOBJ=    23747.152206307128     
 iteration         -193 MCMCOBJ=    23754.457029033561     
 iteration         -192 MCMCOBJ=    23792.384605825584     
 iteration         -191 MCMCOBJ=    23832.903910773010     
 iteration         -190 MCMCOBJ=    23794.269039871993     
 iteration         -189 MCMCOBJ=    23789.093046473517     
 iteration         -188 MCMCOBJ=    23774.203877378219     
 iteration         -187 MCMCOBJ=    23740.807146528288     
 iteration         -186 MCMCOBJ=    23770.972920065211     
 iteration         -185 MCMCOBJ=    23789.859270460729     
 iteration         -184 MCMCOBJ=    23853.692876821886     
 iteration         -183 MCMCOBJ=    23882.428362637620     
 iteration         -182 MCMCOBJ=    23848.169979742910     
 iteration         -181 MCMCOBJ=    23852.652321886515     
 iteration         -180 MCMCOBJ=    23867.272901772965     
 iteration         -179 MCMCOBJ=    23867.272901772983     
 iteration         -178 MCMCOBJ=    23874.531956858027     
 iteration         -177 MCMCOBJ=    23839.782321023446     
 iteration         -176 MCMCOBJ=    23825.412886010465     
 iteration         -175 MCMCOBJ=    23834.349030637204     
 iteration         -174 MCMCOBJ=    23767.026840260914     
 iteration         -173 MCMCOBJ=    23773.711360197121     
 iteration         -172 MCMCOBJ=    23786.050355326573     
 iteration         -171 MCMCOBJ=    23870.527552444772     
 iteration         -170 MCMCOBJ=    23814.603246737799     
 iteration         -169 MCMCOBJ=    23789.014534989805     
 iteration         -168 MCMCOBJ=    23757.396821714330     
 iteration         -167 MCMCOBJ=    23767.163038928677     
 iteration         -166 MCMCOBJ=    23808.591104451374     
 iteration         -165 MCMCOBJ=    23820.555511571391     
 iteration         -164 MCMCOBJ=    23820.555511571376     
 iteration         -163 MCMCOBJ=    23836.928912978514     
 iteration         -162 MCMCOBJ=    23836.928912978503     
 iteration         -161 MCMCOBJ=    23836.928912978499     
 iteration         -160 MCMCOBJ=    23812.081000282476     
 iteration         -159 MCMCOBJ=    23769.590404739138     
 iteration         -158 MCMCOBJ=    23788.652669791085     
 iteration         -157 MCMCOBJ=    23731.857641471077     
 iteration         -156 MCMCOBJ=    23807.362615473285     
 iteration         -155 MCMCOBJ=    23754.369851056534     
 iteration         -154 MCMCOBJ=    23854.741126487312     
 iteration         -153 MCMCOBJ=    23849.110062307413     
 iteration         -152 MCMCOBJ=    23829.623014314773     
 iteration         -151 MCMCOBJ=    23832.552465374803     
 iteration         -150 MCMCOBJ=    23817.274075564288     
 iteration         -149 MCMCOBJ=    23792.855268898587     
 iteration         -148 MCMCOBJ=    23754.923577196492     
 iteration         -147 MCMCOBJ=    23747.588198277957     
 iteration         -146 MCMCOBJ=    23780.962029671246     
 iteration         -145 MCMCOBJ=    23812.796571241550     
 iteration         -144 MCMCOBJ=    23876.529513465372     
 iteration         -143 MCMCOBJ=    23884.133435285308     
 iteration         -142 MCMCOBJ=    23881.507092068841     
 iteration         -141 MCMCOBJ=    23869.111508291062     
 iteration         -140 MCMCOBJ=    23878.709614504034     
 iteration         -139 MCMCOBJ=    23832.185691167306     
 iteration         -138 MCMCOBJ=    23862.880224487064     
 iteration         -137 MCMCOBJ=    23804.480565448193     
 iteration         -136 MCMCOBJ=    23785.119870346534     
 iteration         -135 MCMCOBJ=    23773.838956718791     
 iteration         -134 MCMCOBJ=    23784.861821410181     
 iteration         -133 MCMCOBJ=    23810.263031601400     
 iteration         -132 MCMCOBJ=    23743.904690686650     
 iteration         -131 MCMCOBJ=    23747.486059250255     
 iteration         -130 MCMCOBJ=    23730.274295971965     
 iteration         -129 MCMCOBJ=    23783.733240367765     
 iteration         -128 MCMCOBJ=    23765.818802689020     
 iteration         -127 MCMCOBJ=    23748.964638061025     
 iteration         -126 MCMCOBJ=    23732.961508810877     
 iteration         -125 MCMCOBJ=    23753.350497392072     
 iteration         -124 MCMCOBJ=    23768.041990831640     
 iteration         -123 MCMCOBJ=    23791.220517708934     
 iteration         -122 MCMCOBJ=    23779.712119923493     
 iteration         -121 MCMCOBJ=    23832.761908745772     
 iteration         -120 MCMCOBJ=    23817.678763813041     
 iteration         -119 MCMCOBJ=    23793.055558888675     
 iteration         -118 MCMCOBJ=    23773.246506827159     
 iteration         -117 MCMCOBJ=    23801.318291640058     
 iteration         -116 MCMCOBJ=    23786.897958515267     
 iteration         -115 MCMCOBJ=    23847.523348372659     
 iteration         -114 MCMCOBJ=    23829.260118198436     
 iteration         -113 MCMCOBJ=    23839.327847004784     
 iteration         -112 MCMCOBJ=    23817.341611589520     
 iteration         -111 MCMCOBJ=    23806.424131319611     
 iteration         -110 MCMCOBJ=    23784.890205469925     
 iteration         -109 MCMCOBJ=    23814.393891134525     
 iteration         -108 MCMCOBJ=    23835.382430107125     
 iteration         -107 MCMCOBJ=    23803.660533331240     
 iteration         -106 MCMCOBJ=    23824.366723787520     
 iteration         -105 MCMCOBJ=    23789.637205978150     
 iteration         -104 MCMCOBJ=    23865.211475732365     
 iteration         -103 MCMCOBJ=    23883.236273970062     
 iteration         -102 MCMCOBJ=    23807.192974141555     
 iteration         -101 MCMCOBJ=    23834.898373934473     
 iteration         -100 MCMCOBJ=    23818.611431183421     
 iteration          -99 MCMCOBJ=    23796.959776023807     
 iteration          -98 MCMCOBJ=    23808.122056115317     
 iteration          -97 MCMCOBJ=    23841.416392488623     
 iteration          -96 MCMCOBJ=    23835.846022102687     
 iteration          -95 MCMCOBJ=    23847.014094879250     
 iteration          -94 MCMCOBJ=    23804.371206551124     
 iteration          -93 MCMCOBJ=    23788.945182328687     
 iteration          -92 MCMCOBJ=    23861.590857595071     
 iteration          -91 MCMCOBJ=    23933.604484843163     
 iteration          -90 MCMCOBJ=    23914.643310579973     
 iteration          -89 MCMCOBJ=    23887.574705283892     
 iteration          -88 MCMCOBJ=    23883.297800451735     
 iteration          -87 MCMCOBJ=    23774.330954611101     
 iteration          -86 MCMCOBJ=    23717.899366835136     
 iteration          -85 MCMCOBJ=    23734.077450704950     
 iteration          -84 MCMCOBJ=    23749.937074404937     
 iteration          -83 MCMCOBJ=    23721.804170176027     
 iteration          -82 MCMCOBJ=    23793.127525768730     
 iteration          -81 MCMCOBJ=    23801.378428761782     
 iteration          -80 MCMCOBJ=    23843.160773209944     
 iteration          -79 MCMCOBJ=    23805.656139016886     
 iteration          -78 MCMCOBJ=    23807.002310793861     
 iteration          -77 MCMCOBJ=    23787.661862165125     
 iteration          -76 MCMCOBJ=    23855.499917202866     
 iteration          -75 MCMCOBJ=    23846.475900148107     
 iteration          -74 MCMCOBJ=    23810.945080760441     
 iteration          -73 MCMCOBJ=    23804.756952933665     
 iteration          -72 MCMCOBJ=    23816.413068561549     
 iteration          -71 MCMCOBJ=    23847.928059147976     
 iteration          -70 MCMCOBJ=    23917.435087892456     
 iteration          -69 MCMCOBJ=    23897.820952499267     
 iteration          -68 MCMCOBJ=    23896.305761637370     
 iteration          -67 MCMCOBJ=    23847.433703622261     
 iteration          -66 MCMCOBJ=    23839.018660012844     
 iteration          -65 MCMCOBJ=    23828.925729913361     
 iteration          -64 MCMCOBJ=    23851.307126286494     
 iteration          -63 MCMCOBJ=    23817.769142169123     
 iteration          -62 MCMCOBJ=    23798.452122235751     
 iteration          -61 MCMCOBJ=    23788.346904590322     
 iteration          -60 MCMCOBJ=    23811.933699655496     
 iteration          -59 MCMCOBJ=    23792.639500728525     
 iteration          -58 MCMCOBJ=    23781.559795497193     
 iteration          -57 MCMCOBJ=    23794.412901995744     
 iteration          -56 MCMCOBJ=    23765.713672773447     
 iteration          -55 MCMCOBJ=    23769.433639785861     
 iteration          -54 MCMCOBJ=    23785.916215533591     
 iteration          -53 MCMCOBJ=    23813.244550377920     
 iteration          -52 MCMCOBJ=    23904.712881658426     
 iteration          -51 MCMCOBJ=    23856.849907876422     
 iteration          -50 MCMCOBJ=    23856.849907876414     
 iteration          -49 MCMCOBJ=    23856.849907876440     
 iteration          -48 MCMCOBJ=    23863.081490571731     
 iteration          -47 MCMCOBJ=    23826.454988991190     
 iteration          -46 MCMCOBJ=    23824.790869918132     
 iteration          -45 MCMCOBJ=    23763.313228324776     
 iteration          -44 MCMCOBJ=    23692.271221081650     
 iteration          -43 MCMCOBJ=    23798.148913897359     
 iteration          -42 MCMCOBJ=    23795.570792330618     
 iteration          -41 MCMCOBJ=    23778.805274778424     
 iteration          -40 MCMCOBJ=    23760.482751326435     
 iteration          -39 MCMCOBJ=    23760.482751326392     
 iteration          -38 MCMCOBJ=    23725.074602313594     
 iteration          -37 MCMCOBJ=    23767.497740964161     
 iteration          -36 MCMCOBJ=    23824.803869974374     
 iteration          -35 MCMCOBJ=    23826.691243786634     
 iteration          -34 MCMCOBJ=    23826.691243786649     
 iteration          -33 MCMCOBJ=    23865.071481820487     
 iteration          -32 MCMCOBJ=    23866.664909492873     
 iteration          -31 MCMCOBJ=    23851.553949520468     
 iteration          -30 MCMCOBJ=    23810.277460797402     
 iteration          -29 MCMCOBJ=    23805.290400659622     
 iteration          -28 MCMCOBJ=    23810.498809539218     
 iteration          -27 MCMCOBJ=    23728.794754476301     
 iteration          -26 MCMCOBJ=    23850.257738851320     
 iteration          -25 MCMCOBJ=    23866.939869228292     
 iteration          -24 MCMCOBJ=    23842.189561308096     
 iteration          -23 MCMCOBJ=    23795.539163230682     
 iteration          -22 MCMCOBJ=    23803.764133630328     
 iteration          -21 MCMCOBJ=    23763.938032880204     
 iteration          -20 MCMCOBJ=    23800.188595672775     
 iteration          -19 MCMCOBJ=    23795.250467855552     
 iteration          -18 MCMCOBJ=    23805.621696006263     
 iteration          -17 MCMCOBJ=    23793.175485115025     
 iteration          -16 MCMCOBJ=    23775.082822672543     
 iteration          -15 MCMCOBJ=    23770.515005028406     
 iteration          -14 MCMCOBJ=    23754.347333671507     
 iteration          -13 MCMCOBJ=    23758.951782962191     
 iteration          -12 MCMCOBJ=    23816.921567839254     
 iteration          -11 MCMCOBJ=    23826.545504109101     
 iteration          -10 MCMCOBJ=    23832.939577220775     
 iteration           -9 MCMCOBJ=    23741.676946440537     
 iteration           -8 MCMCOBJ=    23754.937096885933     
 iteration           -7 MCMCOBJ=    23750.294703191379     
 iteration           -6 MCMCOBJ=    23739.467900255768     
 iteration           -5 MCMCOBJ=    23764.398027473122     
 iteration           -4 MCMCOBJ=    23745.594720643316     
 iteration           -3 MCMCOBJ=    23860.637476140040     
 iteration           -2 MCMCOBJ=    23838.584760349044     
 iteration           -1 MCMCOBJ=    23845.202403404415     
 Sampling Mode
 iteration            0 MCMCOBJ=    23773.868250137268     
 FINAL EPS   0.10527771056829494     
 iteration            1 MCMCOBJ=    23758.972745147348     
 iteration            2 MCMCOBJ=    23813.623574441925     
 iteration            3 MCMCOBJ=    23832.211732060623     
 iteration            4 MCMCOBJ=    23853.519165596459     
 iteration            5 MCMCOBJ=    23812.039890943153     
 iteration            6 MCMCOBJ=    23818.919394875498     
 iteration            7 MCMCOBJ=    23728.486388949081     
 iteration            8 MCMCOBJ=    23747.794155238564     
 iteration            9 MCMCOBJ=    23747.275859284426     
 iteration           10 MCMCOBJ=    23732.235795961733     
 iteration           11 MCMCOBJ=    23705.693881211508     
 iteration           12 MCMCOBJ=    23686.700075963443     
 iteration           13 MCMCOBJ=    23699.995772553950     
 iteration           14 MCMCOBJ=    23713.927063503023     
 iteration           15 MCMCOBJ=    23740.217774797722     
 iteration           16 MCMCOBJ=    23761.139160667204     
 iteration           17 MCMCOBJ=    23764.088990180044     
 iteration           18 MCMCOBJ=    23755.744855506724     
 iteration           19 MCMCOBJ=    23721.623512445924     
 iteration           20 MCMCOBJ=    23721.669200784821     
 iteration           21 MCMCOBJ=    23747.524115002740     
 iteration           22 MCMCOBJ=    23774.778821621439     
 iteration           23 MCMCOBJ=    23813.834231370656     
 iteration           24 MCMCOBJ=    23758.224469285997     
 iteration           25 MCMCOBJ=    23769.917085095698     
 iteration           26 MCMCOBJ=    23836.895876735991     
 iteration           27 MCMCOBJ=    23857.839607482088     
 iteration           28 MCMCOBJ=    23865.632135542855     
 iteration           29 MCMCOBJ=    23877.693837678107     
 iteration           30 MCMCOBJ=    23869.075626207399     
 iteration           31 MCMCOBJ=    23867.477585130873     
 iteration           32 MCMCOBJ=    23880.650492285811     
 iteration           33 MCMCOBJ=    23806.513838232466     
 iteration           34 MCMCOBJ=    23834.542253038784     
 iteration           35 MCMCOBJ=    23830.150063506113     
 iteration           36 MCMCOBJ=    23751.542841335566     
 iteration           37 MCMCOBJ=    23787.115301697941     
 iteration           38 MCMCOBJ=    23784.372223844057     
 iteration           39 MCMCOBJ=    23795.754178193642     
 iteration           40 MCMCOBJ=    23743.875774449680     
 iteration           41 MCMCOBJ=    23698.531867555441     
 iteration           42 MCMCOBJ=    23727.191746652366     
 iteration           43 MCMCOBJ=    23797.110784796976     
 iteration           44 MCMCOBJ=    23791.761533482550     
 iteration           45 MCMCOBJ=    23757.185654598637     
 iteration           46 MCMCOBJ=    23770.731920386253     
 iteration           47 MCMCOBJ=    23755.674030405396     
 iteration           48 MCMCOBJ=    23784.373235557279     
 iteration           49 MCMCOBJ=    23804.785725832226     
 iteration           50 MCMCOBJ=    23835.867235397436     
 iteration           51 MCMCOBJ=    23830.295729080703     
 iteration           52 MCMCOBJ=    23830.889676599982     
 iteration           53 MCMCOBJ=    23900.630505003432     
 iteration           54 MCMCOBJ=    23877.126143800117     
 iteration           55 MCMCOBJ=    23850.854727170270     
 iteration           56 MCMCOBJ=    23822.496467237252     
 iteration           57 MCMCOBJ=    23857.433252672345     
 iteration           58 MCMCOBJ=    23815.224598089666     
 iteration           59 MCMCOBJ=    23796.927281286120     
 iteration           60 MCMCOBJ=    23794.790821868904     
 iteration           61 MCMCOBJ=    23783.981866208516     
 iteration           62 MCMCOBJ=    23797.844145559495     
 iteration           63 MCMCOBJ=    23783.754467913463     
 iteration           64 MCMCOBJ=    23766.573658127283     
 iteration           65 MCMCOBJ=    23755.314707322334     
 iteration           66 MCMCOBJ=    23784.874129486077     
 iteration           67 MCMCOBJ=    23783.385356839568     
 iteration           68 MCMCOBJ=    23785.302772077473     
 iteration           69 MCMCOBJ=    23781.960020510451     
 iteration           70 MCMCOBJ=    23775.772176619455     
 iteration           71 MCMCOBJ=    23809.255017670170     
 iteration           72 MCMCOBJ=    23809.362254533840     
 iteration           73 MCMCOBJ=    23804.161614325698     
 iteration           74 MCMCOBJ=    23785.087790487290     
 iteration           75 MCMCOBJ=    23757.235032201723     
 iteration           76 MCMCOBJ=    23684.679366857916     
 iteration           77 MCMCOBJ=    23749.774680074526     
 iteration           78 MCMCOBJ=    23854.180784512384     
 iteration           79 MCMCOBJ=    23830.494022140658     
 iteration           80 MCMCOBJ=    23844.152413211345     
 iteration           81 MCMCOBJ=    23873.192150860879     
 iteration           82 MCMCOBJ=    23886.381497754268     
 iteration           83 MCMCOBJ=    23776.994565698871     
 iteration           84 MCMCOBJ=    23795.425792381891     
 iteration           85 MCMCOBJ=    23726.909014817880     
 iteration           86 MCMCOBJ=    23682.290086255223     
 iteration           87 MCMCOBJ=    23694.147829141948     
 iteration           88 MCMCOBJ=    23783.795202294943     
 iteration           89 MCMCOBJ=    23747.985613325160     
 iteration           90 MCMCOBJ=    23748.054661963626     
 iteration           91 MCMCOBJ=    23732.311458299693     
 iteration           92 MCMCOBJ=    23707.480613033735     
 iteration           93 MCMCOBJ=    23655.719302940590     
 iteration           94 MCMCOBJ=    23713.981707607720     
 iteration           95 MCMCOBJ=    23683.321971732825     
 iteration           96 MCMCOBJ=    23701.287312051576     
 iteration           97 MCMCOBJ=    23740.097493816789     
 iteration           98 MCMCOBJ=    23754.959897992183     
 iteration           99 MCMCOBJ=    23804.079839606628     
 iteration          100 MCMCOBJ=    23784.384388566268     
 iteration          101 MCMCOBJ=    23819.959927337837     
 iteration          102 MCMCOBJ=    23763.854022149069     
 iteration          103 MCMCOBJ=    23748.624727484872     
 iteration          104 MCMCOBJ=    23724.822375090338     
 iteration          105 MCMCOBJ=    23785.300655152038     
 iteration          106 MCMCOBJ=    23805.083836431517     
 iteration          107 MCMCOBJ=    23770.929952516512     
 iteration          108 MCMCOBJ=    23841.426656662290     
 iteration          109 MCMCOBJ=    23809.512398086197     
 iteration          110 MCMCOBJ=    23827.598683633754     
 iteration          111 MCMCOBJ=    23903.561844158055     
 iteration          112 MCMCOBJ=    23898.073587394800     
 iteration          113 MCMCOBJ=    23849.902518479044     
 iteration          114 MCMCOBJ=    23907.026292456521     
 iteration          115 MCMCOBJ=    23883.914033027741     
 iteration          116 MCMCOBJ=    23829.842146049079     
 iteration          117 MCMCOBJ=    23864.965569852804     
 iteration          118 MCMCOBJ=    23856.323046050824     
 iteration          119 MCMCOBJ=    23824.962800525231     
 iteration          120 MCMCOBJ=    23805.788215467695     
 iteration          121 MCMCOBJ=    23861.214799445228     
 iteration          122 MCMCOBJ=    23894.825005169008     
 iteration          123 MCMCOBJ=    23829.992271063307     
 iteration          124 MCMCOBJ=    23841.133781138513     
 iteration          125 MCMCOBJ=    23846.093177385439     
 iteration          126 MCMCOBJ=    23887.672809713560     
 iteration          127 MCMCOBJ=    23914.409705448397     
 iteration          128 MCMCOBJ=    23798.410828829255     
 iteration          129 MCMCOBJ=    23864.049580866580     
 iteration          130 MCMCOBJ=    23848.231388695513     
 iteration          131 MCMCOBJ=    23865.965241134141     
 iteration          132 MCMCOBJ=    23835.768662164173     
 iteration          133 MCMCOBJ=    23800.752757804388     
 iteration          134 MCMCOBJ=    23807.498914806969     
 iteration          135 MCMCOBJ=    23772.580013134841     
 iteration          136 MCMCOBJ=    23773.869576183850     
 iteration          137 MCMCOBJ=    23787.169371865592     
 iteration          138 MCMCOBJ=    23770.305886163969     
 iteration          139 MCMCOBJ=    23846.460879183451     
 iteration          140 MCMCOBJ=    23801.960347922908     
 iteration          141 MCMCOBJ=    23788.048318158497     
 iteration          142 MCMCOBJ=    23802.433469988780     
 iteration          143 MCMCOBJ=    23819.167795457481     
 iteration          144 MCMCOBJ=    23870.461730294908     
 iteration          145 MCMCOBJ=    23800.722082149732     
 iteration          146 MCMCOBJ=    23782.214731985303     
 iteration          147 MCMCOBJ=    23714.725865066386     
 iteration          148 MCMCOBJ=    23723.901508771272     
 iteration          149 MCMCOBJ=    23706.499125588707     
 iteration          150 MCMCOBJ=    23756.456926435356     
 iteration          151 MCMCOBJ=    23720.517614229648     
 iteration          152 MCMCOBJ=    23769.652476250423     
 iteration          153 MCMCOBJ=    23829.986626726171     
 iteration          154 MCMCOBJ=    23802.394334840101     
 iteration          155 MCMCOBJ=    23776.392534620772     
 iteration          156 MCMCOBJ=    23721.030311799532     
 iteration          157 MCMCOBJ=    23734.575322016019     
 iteration          158 MCMCOBJ=    23714.305592718796     
 iteration          159 MCMCOBJ=    23696.331007961726     
 iteration          160 MCMCOBJ=    23717.881126767435     
 iteration          161 MCMCOBJ=    23695.426326907796     
 iteration          162 MCMCOBJ=    23712.736632212178     
 iteration          163 MCMCOBJ=    23773.355081111124     
 iteration          164 MCMCOBJ=    23736.194089372460     
 iteration          165 MCMCOBJ=    23701.597860480120     
 iteration          166 MCMCOBJ=    23779.517998041381     
 iteration          167 MCMCOBJ=    23777.865356251630     
 iteration          168 MCMCOBJ=    23833.356474060394     
 iteration          169 MCMCOBJ=    23812.398134826617     
 iteration          170 MCMCOBJ=    23822.146245373231     
 iteration          171 MCMCOBJ=    23848.117371037526     
 iteration          172 MCMCOBJ=    23801.250309357067     
 iteration          173 MCMCOBJ=    23783.262397806324     
 iteration          174 MCMCOBJ=    23787.589299203304     
 iteration          175 MCMCOBJ=    23818.961851893459     
 iteration          176 MCMCOBJ=    23812.421472834561     
 iteration          177 MCMCOBJ=    23786.647362374799     
 iteration          178 MCMCOBJ=    23804.155564081859     
 iteration          179 MCMCOBJ=    23743.736486446738     
 iteration          180 MCMCOBJ=    23691.019927125926     
 iteration          181 MCMCOBJ=    23771.276186846062     
 iteration          182 MCMCOBJ=    23825.791256894092     
 iteration          183 MCMCOBJ=    23858.922383277142     
 iteration          184 MCMCOBJ=    23849.449539229805     
 iteration          185 MCMCOBJ=    23789.491488056130     
 iteration          186 MCMCOBJ=    23851.390411913231     
 iteration          187 MCMCOBJ=    23838.464568255898     
 iteration          188 MCMCOBJ=    23857.946108721739     
 iteration          189 MCMCOBJ=    23718.140346896402     
 iteration          190 MCMCOBJ=    23742.460430351279     
 iteration          191 MCMCOBJ=    23760.067344655447     
 iteration          192 MCMCOBJ=    23773.455906065723     
 iteration          193 MCMCOBJ=    23747.272244319469     
 iteration          194 MCMCOBJ=    23757.733508215224     
 iteration          195 MCMCOBJ=    23754.961460639432     
 iteration          196 MCMCOBJ=    23762.352911709324     
 iteration          197 MCMCOBJ=    23749.090322831373     
 iteration          198 MCMCOBJ=    23729.310813680655     
 iteration          199 MCMCOBJ=    23838.060972290736     
 iteration          200 MCMCOBJ=    23780.289855152754     
 iteration          201 MCMCOBJ=    23786.563886152886     
 iteration          202 MCMCOBJ=    23793.569298832008     
 iteration          203 MCMCOBJ=    23787.649128704790     
 iteration          204 MCMCOBJ=    23770.550010823394     
 iteration          205 MCMCOBJ=    23806.238069552110     
 iteration          206 MCMCOBJ=    23852.653913333088     
 iteration          207 MCMCOBJ=    23841.092472204244     
 iteration          208 MCMCOBJ=    23866.652481057310     
 iteration          209 MCMCOBJ=    23815.422008094905     
 iteration          210 MCMCOBJ=    23793.244570363830     
 iteration          211 MCMCOBJ=    23811.597581028182     
 iteration          212 MCMCOBJ=    23844.554769027782     
 iteration          213 MCMCOBJ=    23880.556999484164     
 iteration          214 MCMCOBJ=    23792.195452595970     
 iteration          215 MCMCOBJ=    23756.310004555235     
 iteration          216 MCMCOBJ=    23802.606269205411     
 iteration          217 MCMCOBJ=    23821.333162019055     
 iteration          218 MCMCOBJ=    23863.131507380320     
 iteration          219 MCMCOBJ=    23819.749594882505     
 iteration          220 MCMCOBJ=    23806.375430217791     
 iteration          221 MCMCOBJ=    23841.138883514916     
 iteration          222 MCMCOBJ=    23866.032327874731     
 iteration          223 MCMCOBJ=    23824.867363780024     
 iteration          224 MCMCOBJ=    23814.855996933384     
 iteration          225 MCMCOBJ=    23773.118893534058     
 iteration          226 MCMCOBJ=    23733.902574599641     
 iteration          227 MCMCOBJ=    23754.247525607701     
 iteration          228 MCMCOBJ=    23742.740452781516     
 iteration          229 MCMCOBJ=    23799.730510760404     
 iteration          230 MCMCOBJ=    23807.693844716818     
 iteration          231 MCMCOBJ=    23788.860688144356     
 iteration          232 MCMCOBJ=    23802.747574416182     
 iteration          233 MCMCOBJ=    23753.724863120966     
 iteration          234 MCMCOBJ=    23726.529913687995     
 iteration          235 MCMCOBJ=    23723.773282317783     
 iteration          236 MCMCOBJ=    23772.506166658593     
 iteration          237 MCMCOBJ=    23835.842288405267     
 iteration          238 MCMCOBJ=    23851.973222802069     
 iteration          239 MCMCOBJ=    23791.012895795116     
 iteration          240 MCMCOBJ=    23835.637483910261     
 iteration          241 MCMCOBJ=    23834.022282636877     
 iteration          242 MCMCOBJ=    23827.043272191961     
 iteration          243 MCMCOBJ=    23838.127258198936     
 iteration          244 MCMCOBJ=    23821.948993754686     
 iteration          245 MCMCOBJ=    23811.369829684470     
 iteration          246 MCMCOBJ=    23775.281049723850     
 iteration          247 MCMCOBJ=    23730.024153302496     
 iteration          248 MCMCOBJ=    23747.143948825495     
 iteration          249 MCMCOBJ=    23767.372853494737     
 iteration          250 MCMCOBJ=    23780.018196516845     
 iteration          251 MCMCOBJ=    23795.305438047475     
 iteration          252 MCMCOBJ=    23784.789665597458     
 iteration          253 MCMCOBJ=    23831.411428498410     
 iteration          254 MCMCOBJ=    23854.473349408971     
 iteration          255 MCMCOBJ=    23847.110268592493     
 iteration          256 MCMCOBJ=    23822.855153380879     
 iteration          257 MCMCOBJ=    23839.901336954743     
 iteration          258 MCMCOBJ=    23854.038867915438     
 iteration          259 MCMCOBJ=    23812.623052114999     
 iteration          260 MCMCOBJ=    23831.455083749803     
 iteration          261 MCMCOBJ=    23777.495182820938     
 iteration          262 MCMCOBJ=    23883.876327464637     
 iteration          263 MCMCOBJ=    23836.296472004928     
 iteration          264 MCMCOBJ=    23764.154780237990     
 iteration          265 MCMCOBJ=    23822.990420336755     
 iteration          266 MCMCOBJ=    23784.285371582471     
 iteration          267 MCMCOBJ=    23717.137407286242     
 iteration          268 MCMCOBJ=    23716.965399323632     
 iteration          269 MCMCOBJ=    23768.148757327916     
 iteration          270 MCMCOBJ=    23782.680684783660     
 iteration          271 MCMCOBJ=    23796.224799152096     
 iteration          272 MCMCOBJ=    23743.530646104522     
 iteration          273 MCMCOBJ=    23759.754407788951     
 iteration          274 MCMCOBJ=    23824.869815302987     
 iteration          275 MCMCOBJ=    23838.131921221957     
 iteration          276 MCMCOBJ=    23887.138832998357     
 iteration          277 MCMCOBJ=    23769.478593927208     
 iteration          278 MCMCOBJ=    23756.291914911595     
 iteration          279 MCMCOBJ=    23816.850275658773     
 iteration          280 MCMCOBJ=    23778.938639540233     
 iteration          281 MCMCOBJ=    23804.631108746828     
 iteration          282 MCMCOBJ=    23748.486375643657     
 iteration          283 MCMCOBJ=    23727.471999205671     
 iteration          284 MCMCOBJ=    23782.657597847767     
 iteration          285 MCMCOBJ=    23801.497154170043     
 iteration          286 MCMCOBJ=    23784.841862264304     
 iteration          287 MCMCOBJ=    23808.587249131135     
 iteration          288 MCMCOBJ=    23883.055016842132     
 iteration          289 MCMCOBJ=    23841.129930206884     
 iteration          290 MCMCOBJ=    23808.805557230113     
 iteration          291 MCMCOBJ=    23833.613786698148     
 iteration          292 MCMCOBJ=    23841.195974759536     
 iteration          293 MCMCOBJ=    23815.885845209305     
 iteration          294 MCMCOBJ=    23833.646364875094     
 iteration          295 MCMCOBJ=    23831.229254774738     
 iteration          296 MCMCOBJ=    23920.712362754919     
 iteration          297 MCMCOBJ=    23875.098299870660     
 iteration          298 MCMCOBJ=    23848.907955295475     
 iteration          299 MCMCOBJ=    23786.541972333016     
 iteration          300 MCMCOBJ=    23790.433621410157     
 iteration          301 MCMCOBJ=    23854.896227072437     
 iteration          302 MCMCOBJ=    23840.147649980896     
 iteration          303 MCMCOBJ=    23882.768356324195     
 iteration          304 MCMCOBJ=    23861.322521176113     
 iteration          305 MCMCOBJ=    23861.253399183272     
 iteration          306 MCMCOBJ=    23867.774962150586     
 iteration          307 MCMCOBJ=    23828.918216496193     
 iteration          308 MCMCOBJ=    23800.669284262833     
 iteration          309 MCMCOBJ=    23896.120814572394     
 iteration          310 MCMCOBJ=    23859.343552305938     
 iteration          311 MCMCOBJ=    23926.039178005412     
 iteration          312 MCMCOBJ=    23893.246176108485     
 iteration          313 MCMCOBJ=    23860.270939607326     
 iteration          314 MCMCOBJ=    23812.655483414084     
 iteration          315 MCMCOBJ=    23834.455980630846     
 iteration          316 MCMCOBJ=    23816.997373104463     
 iteration          317 MCMCOBJ=    23817.511642776775     
 iteration          318 MCMCOBJ=    23758.795242141914     
 iteration          319 MCMCOBJ=    23710.002648548540     
 iteration          320 MCMCOBJ=    23690.977799626024     
 iteration          321 MCMCOBJ=    23681.653266311489     
 iteration          322 MCMCOBJ=    23699.426834778995     
 iteration          323 MCMCOBJ=    23762.751930777809     
 iteration          324 MCMCOBJ=    23774.767136924314     
 iteration          325 MCMCOBJ=    23779.076723407674     
 iteration          326 MCMCOBJ=    23813.656654639151     
 iteration          327 MCMCOBJ=    23787.817363069080     
 iteration          328 MCMCOBJ=    23753.652594315259     
 iteration          329 MCMCOBJ=    23679.352856450441     
 iteration          330 MCMCOBJ=    23657.487153954022     
 iteration          331 MCMCOBJ=    23710.028957210478     
 iteration          332 MCMCOBJ=    23728.217477970284     
 iteration          333 MCMCOBJ=    23668.177498015371     
 iteration          334 MCMCOBJ=    23751.158496933342     
 iteration          335 MCMCOBJ=    23772.268076870074     
 iteration          336 MCMCOBJ=    23813.977251831588     
 iteration          337 MCMCOBJ=    23765.183421801827     
 iteration          338 MCMCOBJ=    23801.045995986857     
 iteration          339 MCMCOBJ=    23790.506531633775     
 iteration          340 MCMCOBJ=    23743.252422484002     
 iteration          341 MCMCOBJ=    23742.823347867019     
 iteration          342 MCMCOBJ=    23743.842873573431     
 iteration          343 MCMCOBJ=    23776.341748141163     
 iteration          344 MCMCOBJ=    23806.826790697985     
 iteration          345 MCMCOBJ=    23807.442416704489     
 iteration          346 MCMCOBJ=    23830.578007320295     
 iteration          347 MCMCOBJ=    23778.187467869295     
 iteration          348 MCMCOBJ=    23729.366547949776     
 iteration          349 MCMCOBJ=    23806.455098405320     
 iteration          350 MCMCOBJ=    23739.677069542071     
 iteration          351 MCMCOBJ=    23791.489569958216     
 iteration          352 MCMCOBJ=    23825.892785037766     
 iteration          353 MCMCOBJ=    23825.225168842077     
 iteration          354 MCMCOBJ=    23778.095844845640     
 iteration          355 MCMCOBJ=    23826.978280537474     
 iteration          356 MCMCOBJ=    23732.554038153419     
 iteration          357 MCMCOBJ=    23710.185001650741     
 iteration          358 MCMCOBJ=    23706.642932180399     
 iteration          359 MCMCOBJ=    23803.503601193835     
 iteration          360 MCMCOBJ=    23804.789263239996     
 iteration          361 MCMCOBJ=    23777.323862623540     
 iteration          362 MCMCOBJ=    23826.010891293012     
 iteration          363 MCMCOBJ=    23789.840870569882     
 iteration          364 MCMCOBJ=    23796.317403168108     
 iteration          365 MCMCOBJ=    23758.165189030336     
 iteration          366 MCMCOBJ=    23767.494474643558     
 iteration          367 MCMCOBJ=    23746.847097904796     
 iteration          368 MCMCOBJ=    23763.980409662858     
 iteration          369 MCMCOBJ=    23856.991496936462     
 iteration          370 MCMCOBJ=    23833.965989039425     
 iteration          371 MCMCOBJ=    23820.169305877207     
 iteration          372 MCMCOBJ=    23810.123839529380     
 iteration          373 MCMCOBJ=    23813.966697455187     
 iteration          374 MCMCOBJ=    23815.814987923059     
 iteration          375 MCMCOBJ=    23841.190907789860     
 iteration          376 MCMCOBJ=    23833.297874968161     
 iteration          377 MCMCOBJ=    23750.519815209987     
 iteration          378 MCMCOBJ=    23779.456192704685     
 iteration          379 MCMCOBJ=    23785.015207717162     
 iteration          380 MCMCOBJ=    23767.552037164362     
 iteration          381 MCMCOBJ=    23790.186606033185     
 iteration          382 MCMCOBJ=    23849.220286743286     
 iteration          383 MCMCOBJ=    23854.412214893549     
 iteration          384 MCMCOBJ=    23826.612316123432     
 iteration          385 MCMCOBJ=    23789.833255490586     
 iteration          386 MCMCOBJ=    23789.020247310542     
 iteration          387 MCMCOBJ=    23779.701083631549     
 iteration          388 MCMCOBJ=    23774.287322836870     
 iteration          389 MCMCOBJ=    23758.358553633330     
 iteration          390 MCMCOBJ=    23841.717740742723     
 iteration          391 MCMCOBJ=    23749.268380351641     
 iteration          392 MCMCOBJ=    23738.104623752381     
 iteration          393 MCMCOBJ=    23726.741411684459     
 iteration          394 MCMCOBJ=    23699.683222323969     
 iteration          395 MCMCOBJ=    23734.889347620192     
 iteration          396 MCMCOBJ=    23765.992144517691     
 iteration          397 MCMCOBJ=    23688.317679287324     
 iteration          398 MCMCOBJ=    23744.295126572917     
 iteration          399 MCMCOBJ=    23695.060424380172     
 iteration          400 MCMCOBJ=    23704.126404232255     
 iteration          401 MCMCOBJ=    23681.586446074816     
 iteration          402 MCMCOBJ=    23696.811758149011     
 iteration          403 MCMCOBJ=    23766.955264502609     
 iteration          404 MCMCOBJ=    23760.059740682602     
 iteration          405 MCMCOBJ=    23787.098445117212     
 iteration          406 MCMCOBJ=    23757.985223733351     
 iteration          407 MCMCOBJ=    23776.745173901701     
 iteration          408 MCMCOBJ=    23763.989499166390     
 iteration          409 MCMCOBJ=    23750.915976616187     
 iteration          410 MCMCOBJ=    23772.130387548852     
 iteration          411 MCMCOBJ=    23779.269500082446     
 iteration          412 MCMCOBJ=    23789.460352053953     
 iteration          413 MCMCOBJ=    23792.978040752765     
 iteration          414 MCMCOBJ=    23868.318166009314     
 iteration          415 MCMCOBJ=    23862.089923765005     
 iteration          416 MCMCOBJ=    23857.971254198237     
 iteration          417 MCMCOBJ=    23814.377720587632     
 iteration          418 MCMCOBJ=    23861.696360265072     
 iteration          419 MCMCOBJ=    23868.511256458958     
 iteration          420 MCMCOBJ=    23788.116015518492     
 iteration          421 MCMCOBJ=    23819.636827129441     
 iteration          422 MCMCOBJ=    23832.515796788932     
 iteration          423 MCMCOBJ=    23823.078563429775     
 iteration          424 MCMCOBJ=    23817.462311040541     
 iteration          425 MCMCOBJ=    23822.819642591909     
 iteration          426 MCMCOBJ=    23823.519099209672     
 iteration          427 MCMCOBJ=    23856.253441798912     
 iteration          428 MCMCOBJ=    23857.925055045285     
 iteration          429 MCMCOBJ=    23852.020117732092     
 iteration          430 MCMCOBJ=    23869.373485933451     
 iteration          431 MCMCOBJ=    23844.410222642669     
 iteration          432 MCMCOBJ=    23805.714084939882     
 iteration          433 MCMCOBJ=    23778.144742083063     
 iteration          434 MCMCOBJ=    23777.832783466376     
 iteration          435 MCMCOBJ=    23764.900336554845     
 iteration          436 MCMCOBJ=    23777.525014946103     
 iteration          437 MCMCOBJ=    23739.192521856519     
 iteration          438 MCMCOBJ=    23761.110430034092     
 iteration          439 MCMCOBJ=    23738.845696617700     
 iteration          440 MCMCOBJ=    23799.791751162953     
 iteration          441 MCMCOBJ=    23785.506616062183     
 iteration          442 MCMCOBJ=    23860.252077526384     
 iteration          443 MCMCOBJ=    23830.718851733131     
 iteration          444 MCMCOBJ=    23806.824237364846     
 iteration          445 MCMCOBJ=    23735.874363483792     
 iteration          446 MCMCOBJ=    23719.631630771826     
 iteration          447 MCMCOBJ=    23792.474550395887     
 iteration          448 MCMCOBJ=    23805.638726917325     
 iteration          449 MCMCOBJ=    23821.690609774461     
 iteration          450 MCMCOBJ=    23838.704583038165     
 iteration          451 MCMCOBJ=    23773.717023863457     
 iteration          452 MCMCOBJ=    23751.879939816878     
 iteration          453 MCMCOBJ=    23754.285178658305     
 iteration          454 MCMCOBJ=    23752.685176753352     
 iteration          455 MCMCOBJ=    23728.051988099654     
 iteration          456 MCMCOBJ=    23675.443099198190     
 iteration          457 MCMCOBJ=    23734.290324482750     
 iteration          458 MCMCOBJ=    23782.859657611167     
 iteration          459 MCMCOBJ=    23728.797118973100     
 iteration          460 MCMCOBJ=    23791.505437799555     
 iteration          461 MCMCOBJ=    23787.693838684951     
 iteration          462 MCMCOBJ=    23860.668378708324     
 iteration          463 MCMCOBJ=    23812.049597314042     
 iteration          464 MCMCOBJ=    23844.674774873605     
 iteration          465 MCMCOBJ=    23832.053870313055     
 iteration          466 MCMCOBJ=    23812.986633365435     
 iteration          467 MCMCOBJ=    23814.314996650537     
 iteration          468 MCMCOBJ=    23827.867564809963     
 iteration          469 MCMCOBJ=    23809.614442478192     
 iteration          470 MCMCOBJ=    23880.645636170644     
 iteration          471 MCMCOBJ=    23891.460241131121     
 iteration          472 MCMCOBJ=    23800.561275133245     
 iteration          473 MCMCOBJ=    23848.613835853332     
 iteration          474 MCMCOBJ=    23817.031440434806     
 iteration          475 MCMCOBJ=    23853.548062709728     
 iteration          476 MCMCOBJ=    23918.054151646284     
 iteration          477 MCMCOBJ=    23870.496869908176     
 iteration          478 MCMCOBJ=    23819.083201650668     
 iteration          479 MCMCOBJ=    23793.376097972981     
 iteration          480 MCMCOBJ=    23808.076652313521     
 iteration          481 MCMCOBJ=    23804.442647325373     
 iteration          482 MCMCOBJ=    23803.292829688358     
 iteration          483 MCMCOBJ=    23754.243145996741     
 iteration          484 MCMCOBJ=    23746.512637356140     
 iteration          485 MCMCOBJ=    23770.758658245839     
 iteration          486 MCMCOBJ=    23762.424056518128     
 iteration          487 MCMCOBJ=    23769.124666937787     
 iteration          488 MCMCOBJ=    23746.802430295276     
 iteration          489 MCMCOBJ=    23751.625209373888     
 iteration          490 MCMCOBJ=    23745.552554733396     
 iteration          491 MCMCOBJ=    23748.786325385870     
 iteration          492 MCMCOBJ=    23778.584219726570     
 iteration          493 MCMCOBJ=    23837.433621112315     
 iteration          494 MCMCOBJ=    23823.092937025005     
 iteration          495 MCMCOBJ=    23808.186310370842     
 iteration          496 MCMCOBJ=    23833.161581726428     
 iteration          497 MCMCOBJ=    23862.053012575627     
 iteration          498 MCMCOBJ=    23854.402175003775     
 iteration          499 MCMCOBJ=    23850.309752287016     
 iteration          500 MCMCOBJ=    23844.545100678843     
 iteration          501 MCMCOBJ=    23784.440594321764     
 iteration          502 MCMCOBJ=    23764.122717752809     
 iteration          503 MCMCOBJ=    23853.795450765345     
 iteration          504 MCMCOBJ=    23763.257233317476     
 iteration          505 MCMCOBJ=    23853.190355556442     
 iteration          506 MCMCOBJ=    23820.960884262495     
 iteration          507 MCMCOBJ=    23822.296624963463     
 iteration          508 MCMCOBJ=    23827.434156743762     
 iteration          509 MCMCOBJ=    23814.704540329723     
 iteration          510 MCMCOBJ=    23834.949525722652     
 iteration          511 MCMCOBJ=    23820.683683429637     
 iteration          512 MCMCOBJ=    23851.284048546844     
 iteration          513 MCMCOBJ=    23847.405584273893     
 iteration          514 MCMCOBJ=    23852.215767979007     
 iteration          515 MCMCOBJ=    23836.780145426677     
 iteration          516 MCMCOBJ=    23786.326488657724     
 iteration          517 MCMCOBJ=    23748.553252340909     
 iteration          518 MCMCOBJ=    23817.822429078711     
 iteration          519 MCMCOBJ=    23839.111260548085     
 iteration          520 MCMCOBJ=    23797.663257069398     
 iteration          521 MCMCOBJ=    23714.642962955313     
 iteration          522 MCMCOBJ=    23760.503168519081     
 iteration          523 MCMCOBJ=    23758.345381570121     
 iteration          524 MCMCOBJ=    23720.385358514239     
 iteration          525 MCMCOBJ=    23714.296931672896     
 iteration          526 MCMCOBJ=    23761.068545503196     
 iteration          527 MCMCOBJ=    23779.618459403100     
 iteration          528 MCMCOBJ=    23775.444291553897     
 iteration          529 MCMCOBJ=    23806.605392401529     
 iteration          530 MCMCOBJ=    23810.365051454250     
 iteration          531 MCMCOBJ=    23801.997415500540     
 iteration          532 MCMCOBJ=    23793.818287247239     
 iteration          533 MCMCOBJ=    23797.518587429266     
 iteration          534 MCMCOBJ=    23826.685578810211     
 iteration          535 MCMCOBJ=    23804.396772788594     
 iteration          536 MCMCOBJ=    23835.822869159070     
 iteration          537 MCMCOBJ=    23886.392946156629     
 iteration          538 MCMCOBJ=    23822.354046685152     
 iteration          539 MCMCOBJ=    23843.882974052653     
 iteration          540 MCMCOBJ=    23843.089355008346     
 iteration          541 MCMCOBJ=    23780.184050962464     
 iteration          542 MCMCOBJ=    23799.511526302966     
 iteration          543 MCMCOBJ=    23839.869164850807     
 iteration          544 MCMCOBJ=    23804.462784541116     
 iteration          545 MCMCOBJ=    23803.778769811190     
 iteration          546 MCMCOBJ=    23837.328097941074     
 iteration          547 MCMCOBJ=    23856.811780461652     
 iteration          548 MCMCOBJ=    23826.988367795504     
 iteration          549 MCMCOBJ=    23818.710424332643     
 iteration          550 MCMCOBJ=    23774.515852206776     
 iteration          551 MCMCOBJ=    23830.938373246270     
 iteration          552 MCMCOBJ=    23859.664003427155     
 iteration          553 MCMCOBJ=    23849.213412526336     
 iteration          554 MCMCOBJ=    23851.835547730905     
 iteration          555 MCMCOBJ=    23837.405945651310     
 iteration          556 MCMCOBJ=    23803.129692164744     
 iteration          557 MCMCOBJ=    23815.495607010584     
 iteration          558 MCMCOBJ=    23799.257631134500     
 iteration          559 MCMCOBJ=    23874.874889109204     
 iteration          560 MCMCOBJ=    23768.445255743736     
 iteration          561 MCMCOBJ=    23771.844452271798     
 iteration          562 MCMCOBJ=    23741.342694217507     
 iteration          563 MCMCOBJ=    23769.604428857347     
 iteration          564 MCMCOBJ=    23808.216545393210     
 iteration          565 MCMCOBJ=    23753.839987064293     
 iteration          566 MCMCOBJ=    23813.151396717178     
 iteration          567 MCMCOBJ=    23739.143985879447     
 iteration          568 MCMCOBJ=    23752.473965133096     
 iteration          569 MCMCOBJ=    23784.683333185596     
 iteration          570 MCMCOBJ=    23702.580696149886     
 iteration          571 MCMCOBJ=    23755.739679341121     
 iteration          572 MCMCOBJ=    23713.271929312992     
 iteration          573 MCMCOBJ=    23736.299968318617     
 iteration          574 MCMCOBJ=    23763.095279286339     
 iteration          575 MCMCOBJ=    23815.749532383637     
 iteration          576 MCMCOBJ=    23772.067959575241     
 iteration          577 MCMCOBJ=    23759.963418727686     
 iteration          578 MCMCOBJ=    23719.317859783532     
 iteration          579 MCMCOBJ=    23693.049648014290     
 iteration          580 MCMCOBJ=    23747.568215439118     
 iteration          581 MCMCOBJ=    23785.270509786777     
 iteration          582 MCMCOBJ=    23797.522041497723     
 iteration          583 MCMCOBJ=    23784.552302594358     
 iteration          584 MCMCOBJ=    23752.012919045847     
 iteration          585 MCMCOBJ=    23754.956412898020     
 iteration          586 MCMCOBJ=    23791.610833157232     
 iteration          587 MCMCOBJ=    23879.245831574091     
 iteration          588 MCMCOBJ=    23755.850011044386     
 iteration          589 MCMCOBJ=    23718.966325088550     
 iteration          590 MCMCOBJ=    23751.294422249724     
 iteration          591 MCMCOBJ=    23785.138003032764     
 iteration          592 MCMCOBJ=    23728.114558993679     
 iteration          593 MCMCOBJ=    23741.719710488414     
 iteration          594 MCMCOBJ=    23788.277367768897     
 iteration          595 MCMCOBJ=    23839.107911630013     
 iteration          596 MCMCOBJ=    23840.496621059076     
 iteration          597 MCMCOBJ=    23804.012520250948     
 iteration          598 MCMCOBJ=    23830.705263680258     
 iteration          599 MCMCOBJ=    23880.292321013243     
 iteration          600 MCMCOBJ=    23872.311552087798     
 iteration          601 MCMCOBJ=    23854.451975141994     
 iteration          602 MCMCOBJ=    23850.953786422429     
 iteration          603 MCMCOBJ=    23826.110965809981     
 iteration          604 MCMCOBJ=    23783.559666418725     
 iteration          605 MCMCOBJ=    23724.358399854897     
 iteration          606 MCMCOBJ=    23756.254461597400     
 iteration          607 MCMCOBJ=    23815.670251136064     
 iteration          608 MCMCOBJ=    23795.375039778606     
 iteration          609 MCMCOBJ=    23779.961157572834     
 iteration          610 MCMCOBJ=    23814.537668149165     
 iteration          611 MCMCOBJ=    23813.641555161084     
 iteration          612 MCMCOBJ=    23814.995066559299     
 iteration          613 MCMCOBJ=    23762.508496727864     
 iteration          614 MCMCOBJ=    23814.412110741021     
 iteration          615 MCMCOBJ=    23759.815547523413     
 iteration          616 MCMCOBJ=    23756.264550841392     
 iteration          617 MCMCOBJ=    23752.861306565355     
 iteration          618 MCMCOBJ=    23787.599300425463     
 iteration          619 MCMCOBJ=    23873.027521284424     
 iteration          620 MCMCOBJ=    23944.668575237640     
 iteration          621 MCMCOBJ=    23952.174711785334     
 iteration          622 MCMCOBJ=    23898.662351989595     
 iteration          623 MCMCOBJ=    23921.305402139726     
 iteration          624 MCMCOBJ=    23875.078500792224     
 iteration          625 MCMCOBJ=    23880.764151290776     
 iteration          626 MCMCOBJ=    23796.948827051750     
 iteration          627 MCMCOBJ=    23796.659345303498     
 iteration          628 MCMCOBJ=    23786.194874348614     
 iteration          629 MCMCOBJ=    23794.251384127681     
 iteration          630 MCMCOBJ=    23801.281158400223     
 iteration          631 MCMCOBJ=    23772.199623906028     
 iteration          632 MCMCOBJ=    23835.702577761094     
 iteration          633 MCMCOBJ=    23779.760375340451     
 iteration          634 MCMCOBJ=    23821.330391477310     
 iteration          635 MCMCOBJ=    23843.986504145720     
 iteration          636 MCMCOBJ=    23807.388660406908     
 iteration          637 MCMCOBJ=    23817.839816220388     
 iteration          638 MCMCOBJ=    23860.850277586509     
 iteration          639 MCMCOBJ=    23880.455728124140     
 iteration          640 MCMCOBJ=    23882.751172148910     
 iteration          641 MCMCOBJ=    23880.130803291391     
 iteration          642 MCMCOBJ=    23807.571848302272     
 iteration          643 MCMCOBJ=    23858.329887422471     
 iteration          644 MCMCOBJ=    23836.649834082065     
 iteration          645 MCMCOBJ=    23831.672894140109     
 iteration          646 MCMCOBJ=    23833.868005411834     
 iteration          647 MCMCOBJ=    23829.422946302282     
 iteration          648 MCMCOBJ=    23871.388834956906     
 iteration          649 MCMCOBJ=    23829.667300934248     
 iteration          650 MCMCOBJ=    23844.459563932705     
 iteration          651 MCMCOBJ=    23831.709956978120     
 iteration          652 MCMCOBJ=    23780.172361902711     
 iteration          653 MCMCOBJ=    23831.023963801868     
 iteration          654 MCMCOBJ=    23810.406230055480     
 iteration          655 MCMCOBJ=    23780.897343894547     
 iteration          656 MCMCOBJ=    23786.111763483477     
 iteration          657 MCMCOBJ=    23739.941906671742     
 iteration          658 MCMCOBJ=    23710.595297562522     
 iteration          659 MCMCOBJ=    23802.651785815913     
 iteration          660 MCMCOBJ=    23774.670931151275     
 iteration          661 MCMCOBJ=    23774.369161477418     
 iteration          662 MCMCOBJ=    23772.867575058357     
 iteration          663 MCMCOBJ=    23816.313924751914     
 iteration          664 MCMCOBJ=    23849.371316723238     
 iteration          665 MCMCOBJ=    23863.884653681089     
 iteration          666 MCMCOBJ=    23839.044726367498     
 iteration          667 MCMCOBJ=    23862.235723650494     
 iteration          668 MCMCOBJ=    23862.702367872102     
 iteration          669 MCMCOBJ=    23833.535492751114     
 iteration          670 MCMCOBJ=    23867.617841293628     
 iteration          671 MCMCOBJ=    23809.471591497633     
 iteration          672 MCMCOBJ=    23834.213578666902     
 iteration          673 MCMCOBJ=    23848.046794108883     
 iteration          674 MCMCOBJ=    23815.604034376040     
 iteration          675 MCMCOBJ=    23775.111245247404     
 iteration          676 MCMCOBJ=    23860.008314856863     
 iteration          677 MCMCOBJ=    23808.381276884156     
 iteration          678 MCMCOBJ=    23773.815687129409     
 iteration          679 MCMCOBJ=    23786.507360225103     
 iteration          680 MCMCOBJ=    23846.445014978013     
 iteration          681 MCMCOBJ=    23802.924717223981     
 iteration          682 MCMCOBJ=    23832.434660447729     
 iteration          683 MCMCOBJ=    23840.608581500448     
 iteration          684 MCMCOBJ=    23798.896147452142     
 iteration          685 MCMCOBJ=    23767.153104506753     
 iteration          686 MCMCOBJ=    23802.607749499337     
 iteration          687 MCMCOBJ=    23784.764677139905     
 iteration          688 MCMCOBJ=    23803.427913551903     
 iteration          689 MCMCOBJ=    23768.823790219605     
 iteration          690 MCMCOBJ=    23723.426311244693     
 iteration          691 MCMCOBJ=    23737.732567308667     
 iteration          692 MCMCOBJ=    23736.309651338266     
 iteration          693 MCMCOBJ=    23721.908452618478     
 iteration          694 MCMCOBJ=    23773.223461908507     
 iteration          695 MCMCOBJ=    23809.602413469634     
 iteration          696 MCMCOBJ=    23821.001394028539     
 iteration          697 MCMCOBJ=    23737.165897707262     
 iteration          698 MCMCOBJ=    23836.027067484090     
 iteration          699 MCMCOBJ=    23832.792826798508     
 iteration          700 MCMCOBJ=    23824.100255903559     
 iteration          701 MCMCOBJ=    23863.162823253901     
 iteration          702 MCMCOBJ=    23864.500891735519     
 iteration          703 MCMCOBJ=    23838.627143017962     
 iteration          704 MCMCOBJ=    23782.661716541556     
 iteration          705 MCMCOBJ=    23806.468161784338     
 iteration          706 MCMCOBJ=    23814.278099170668     
 iteration          707 MCMCOBJ=    23805.884864579555     
 iteration          708 MCMCOBJ=    23741.249163125311     
 iteration          709 MCMCOBJ=    23752.924178775054     
 iteration          710 MCMCOBJ=    23772.461177520800     
 iteration          711 MCMCOBJ=    23708.046030111094     
 iteration          712 MCMCOBJ=    23708.523866536663     
 iteration          713 MCMCOBJ=    23741.246898009653     
 iteration          714 MCMCOBJ=    23751.292282262890     
 iteration          715 MCMCOBJ=    23733.348759556156     
 iteration          716 MCMCOBJ=    23730.037926570803     
 iteration          717 MCMCOBJ=    23733.208027552912     
 iteration          718 MCMCOBJ=    23752.266218939098     
 iteration          719 MCMCOBJ=    23710.842849015946     
 iteration          720 MCMCOBJ=    23756.592261571186     
 iteration          721 MCMCOBJ=    23779.662519388552     
 iteration          722 MCMCOBJ=    23785.479263024099     
 iteration          723 MCMCOBJ=    23757.901885677893     
 iteration          724 MCMCOBJ=    23733.560294975890     
 iteration          725 MCMCOBJ=    23804.798493170263     
 iteration          726 MCMCOBJ=    23835.298153342534     
 iteration          727 MCMCOBJ=    23813.124327880862     
 iteration          728 MCMCOBJ=    23863.376471269592     
 iteration          729 MCMCOBJ=    23819.351011503935     
 iteration          730 MCMCOBJ=    23754.339386228687     
 iteration          731 MCMCOBJ=    23808.887998994633     
 iteration          732 MCMCOBJ=    23769.991736250890     
 iteration          733 MCMCOBJ=    23805.098203557442     
 iteration          734 MCMCOBJ=    23773.757491396285     
 iteration          735 MCMCOBJ=    23777.230188819387     
 iteration          736 MCMCOBJ=    23847.620147017220     
 iteration          737 MCMCOBJ=    23864.875832877882     
 iteration          738 MCMCOBJ=    23874.305780239956     
 iteration          739 MCMCOBJ=    23824.870193387615     
 iteration          740 MCMCOBJ=    23799.624515618085     
 iteration          741 MCMCOBJ=    23851.008229525509     
 iteration          742 MCMCOBJ=    23777.820911003706     
 iteration          743 MCMCOBJ=    23810.467697159431     
 iteration          744 MCMCOBJ=    23738.495729431233     
 iteration          745 MCMCOBJ=    23787.228061803904     
 iteration          746 MCMCOBJ=    23766.604304150074     
 iteration          747 MCMCOBJ=    23772.563158053807     
 iteration          748 MCMCOBJ=    23779.857615457680     
 iteration          749 MCMCOBJ=    23743.040707019401     
 iteration          750 MCMCOBJ=    23755.966306962469     
 iteration          751 MCMCOBJ=    23715.652613949002     
 iteration          752 MCMCOBJ=    23723.261915158928     
 iteration          753 MCMCOBJ=    23755.335742204501     
 iteration          754 MCMCOBJ=    23769.089142479210     
 iteration          755 MCMCOBJ=    23769.101977824663     
 iteration          756 MCMCOBJ=    23787.137847693601     
 iteration          757 MCMCOBJ=    23794.601286552443     
 iteration          758 MCMCOBJ=    23743.893668470428     
 iteration          759 MCMCOBJ=    23776.387955130944     
 iteration          760 MCMCOBJ=    23766.572374232190     
 iteration          761 MCMCOBJ=    23751.033368311528     
 iteration          762 MCMCOBJ=    23744.802609769751     
 iteration          763 MCMCOBJ=    23740.873238130473     
 iteration          764 MCMCOBJ=    23759.896513659005     
 iteration          765 MCMCOBJ=    23761.233364744610     
 iteration          766 MCMCOBJ=    23688.440409923933     
 iteration          767 MCMCOBJ=    23745.433348388964     
 iteration          768 MCMCOBJ=    23702.467605058155     
 iteration          769 MCMCOBJ=    23749.392271999783     
 iteration          770 MCMCOBJ=    23686.302589027524     
 iteration          771 MCMCOBJ=    23732.463895035147     
 iteration          772 MCMCOBJ=    23842.846142205959     
 iteration          773 MCMCOBJ=    23808.188688308735     
 iteration          774 MCMCOBJ=    23818.861561549747     
 iteration          775 MCMCOBJ=    23839.462435036850     
 iteration          776 MCMCOBJ=    23776.728024090640     
 iteration          777 MCMCOBJ=    23791.525686895271     
 iteration          778 MCMCOBJ=    23845.322065281805     
 iteration          779 MCMCOBJ=    23786.090789636724     
 iteration          780 MCMCOBJ=    23768.234365564396     
 iteration          781 MCMCOBJ=    23742.561269904254     
 iteration          782 MCMCOBJ=    23759.808352556949     
 iteration          783 MCMCOBJ=    23766.273958521779     
 iteration          784 MCMCOBJ=    23744.221512470169     
 iteration          785 MCMCOBJ=    23765.650188584594     
 iteration          786 MCMCOBJ=    23756.739558454665     
 iteration          787 MCMCOBJ=    23800.342263207825     
 iteration          788 MCMCOBJ=    23837.282905525655     
 iteration          789 MCMCOBJ=    23779.998391818688     
 iteration          790 MCMCOBJ=    23739.790168212541     
 iteration          791 MCMCOBJ=    23708.551612104900     
 iteration          792 MCMCOBJ=    23734.242075874659     
 iteration          793 MCMCOBJ=    23729.343615471211     
 iteration          794 MCMCOBJ=    23735.852343149789     
 iteration          795 MCMCOBJ=    23728.257630616481     
 iteration          796 MCMCOBJ=    23712.838534068200     
 iteration          797 MCMCOBJ=    23753.678589688843     
 iteration          798 MCMCOBJ=    23799.400795942951     
 iteration          799 MCMCOBJ=    23839.307661388804     
 iteration          800 MCMCOBJ=    23814.842280662073     
 iteration          801 MCMCOBJ=    23812.281757053741     
 iteration          802 MCMCOBJ=    23817.223137626814     
 iteration          803 MCMCOBJ=    23734.543786112132     
 iteration          804 MCMCOBJ=    23722.022535267839     
 iteration          805 MCMCOBJ=    23755.345878565062     
 iteration          806 MCMCOBJ=    23803.313320918245     
 iteration          807 MCMCOBJ=    23797.782480663955     
 iteration          808 MCMCOBJ=    23829.213525549196     
 iteration          809 MCMCOBJ=    23758.250810967591     
 iteration          810 MCMCOBJ=    23756.549014655629     
 iteration          811 MCMCOBJ=    23881.490123340878     
 iteration          812 MCMCOBJ=    23896.507708187524     
 iteration          813 MCMCOBJ=    23828.438511566692     
 iteration          814 MCMCOBJ=    23823.997994408510     
 iteration          815 MCMCOBJ=    23806.396380222457     
 iteration          816 MCMCOBJ=    23803.452224825229     
 iteration          817 MCMCOBJ=    23947.861893415164     
 iteration          818 MCMCOBJ=    23856.755858956167     
 iteration          819 MCMCOBJ=    23817.286199851664     
 iteration          820 MCMCOBJ=    23864.700008830889     
 iteration          821 MCMCOBJ=    23817.883493655056     
 iteration          822 MCMCOBJ=    23817.029706723526     
 iteration          823 MCMCOBJ=    23804.693165078541     
 iteration          824 MCMCOBJ=    23853.731935739197     
 iteration          825 MCMCOBJ=    23890.563806877486     
 iteration          826 MCMCOBJ=    23891.266866501704     
 iteration          827 MCMCOBJ=    23901.141749981405     
 iteration          828 MCMCOBJ=    23842.810217635310     
 iteration          829 MCMCOBJ=    23783.222341627254     
 iteration          830 MCMCOBJ=    23767.601575008204     
 iteration          831 MCMCOBJ=    23774.675292956323     
 iteration          832 MCMCOBJ=    23807.924278979895     
 iteration          833 MCMCOBJ=    23784.748607952421     
 iteration          834 MCMCOBJ=    23799.923335264721     
 iteration          835 MCMCOBJ=    23808.116776691058     
 iteration          836 MCMCOBJ=    23772.290416063479     
 iteration          837 MCMCOBJ=    23773.902905883599     
 iteration          838 MCMCOBJ=    23838.378967950524     
 iteration          839 MCMCOBJ=    23854.274187810668     
 iteration          840 MCMCOBJ=    23781.890458933158     
 iteration          841 MCMCOBJ=    23759.708110786200     
 iteration          842 MCMCOBJ=    23740.330311727630     
 iteration          843 MCMCOBJ=    23742.349439884969     
 iteration          844 MCMCOBJ=    23762.238397423229     
 iteration          845 MCMCOBJ=    23807.891457460748     
 iteration          846 MCMCOBJ=    23838.629279184115     
 iteration          847 MCMCOBJ=    23851.752896081751     
 iteration          848 MCMCOBJ=    23808.580927704897     
 iteration          849 MCMCOBJ=    23764.717371756698     
 iteration          850 MCMCOBJ=    23782.869440012873     
 iteration          851 MCMCOBJ=    23768.533278180184     
 iteration          852 MCMCOBJ=    23797.855876061974     
 iteration          853 MCMCOBJ=    23786.701704327432     
 iteration          854 MCMCOBJ=    23759.487698462533     
 iteration          855 MCMCOBJ=    23759.089614382458     
 iteration          856 MCMCOBJ=    23803.293705904936     
 iteration          857 MCMCOBJ=    23756.087554065278     
 iteration          858 MCMCOBJ=    23786.779929171007     
 iteration          859 MCMCOBJ=    23810.628593087058     
 iteration          860 MCMCOBJ=    23777.043628175841     
 iteration          861 MCMCOBJ=    23722.510502545865     
 iteration          862 MCMCOBJ=    23712.183557471184     
 iteration          863 MCMCOBJ=    23712.183557471166     
 iteration          864 MCMCOBJ=    23698.484318179453     
 iteration          865 MCMCOBJ=    23695.748567272236     
 iteration          866 MCMCOBJ=    23764.126837204793     
 iteration          867 MCMCOBJ=    23834.234588069408     
 iteration          868 MCMCOBJ=    23876.695245298921     
 iteration          869 MCMCOBJ=    23884.636253474699     
 iteration          870 MCMCOBJ=    23916.866314149658     
 iteration          871 MCMCOBJ=    23921.857552902064     
 iteration          872 MCMCOBJ=    23929.949377727491     
 iteration          873 MCMCOBJ=    23914.802925944401     
 iteration          874 MCMCOBJ=    23842.253656213536     
 iteration          875 MCMCOBJ=    23817.705658800933     
 iteration          876 MCMCOBJ=    23817.706804732508     
 iteration          877 MCMCOBJ=    23817.706804732527     
 iteration          878 MCMCOBJ=    23817.212785229316     
 iteration          879 MCMCOBJ=    23816.615766189705     
 iteration          880 MCMCOBJ=    23825.338402376350     
 iteration          881 MCMCOBJ=    23778.853171392188     
 iteration          882 MCMCOBJ=    23751.106694520193     
 iteration          883 MCMCOBJ=    23773.204692953255     
 iteration          884 MCMCOBJ=    23794.567704491641     
 iteration          885 MCMCOBJ=    23852.858229166901     
 iteration          886 MCMCOBJ=    23866.164082980042     
 iteration          887 MCMCOBJ=    23912.648059746385     
 iteration          888 MCMCOBJ=    23884.684920843854     
 iteration          889 MCMCOBJ=    23841.916779770432     
 iteration          890 MCMCOBJ=    23798.534836060386     
 iteration          891 MCMCOBJ=    23819.673990243653     
 iteration          892 MCMCOBJ=    23799.740636284609     
 iteration          893 MCMCOBJ=    23737.094753764934     
 iteration          894 MCMCOBJ=    23794.499559366555     
 iteration          895 MCMCOBJ=    23787.859814563650     
 iteration          896 MCMCOBJ=    23807.399109622467     
 iteration          897 MCMCOBJ=    23814.415229140170     
 iteration          898 MCMCOBJ=    23821.829577668515     
 iteration          899 MCMCOBJ=    23866.621344201492     
 iteration          900 MCMCOBJ=    23794.828896940155     
 iteration          901 MCMCOBJ=    23829.974584460040     
 iteration          902 MCMCOBJ=    23845.779042022670     
 iteration          903 MCMCOBJ=    23803.656160895658     
 iteration          904 MCMCOBJ=    23768.567774647741     
 iteration          905 MCMCOBJ=    23774.463491803584     
 iteration          906 MCMCOBJ=    23759.651817739348     
 iteration          907 MCMCOBJ=    23793.532582167190     
 iteration          908 MCMCOBJ=    23768.780375263188     
 iteration          909 MCMCOBJ=    23813.054726948118     
 iteration          910 MCMCOBJ=    23825.653342956910     
 iteration          911 MCMCOBJ=    23842.531044300107     
 iteration          912 MCMCOBJ=    23819.528145478915     
 iteration          913 MCMCOBJ=    23756.787360052971     
 iteration          914 MCMCOBJ=    23754.956064003163     
 iteration          915 MCMCOBJ=    23811.565829037805     
 iteration          916 MCMCOBJ=    23810.436932337678     
 iteration          917 MCMCOBJ=    23844.685487721032     
 iteration          918 MCMCOBJ=    23842.184563652274     
 iteration          919 MCMCOBJ=    23744.234666014418     
 iteration          920 MCMCOBJ=    23808.919700192710     
 iteration          921 MCMCOBJ=    23843.835441447307     
 iteration          922 MCMCOBJ=    23823.034871922289     
 iteration          923 MCMCOBJ=    23827.896641154854     
 iteration          924 MCMCOBJ=    23782.975390416439     
 iteration          925 MCMCOBJ=    23774.169809047173     
 iteration          926 MCMCOBJ=    23739.161037480662     
 iteration          927 MCMCOBJ=    23750.015260331780     
 iteration          928 MCMCOBJ=    23826.940849853298     
 iteration          929 MCMCOBJ=    23856.484410510184     
 iteration          930 MCMCOBJ=    23869.686418265519     
 iteration          931 MCMCOBJ=    23842.228991804663     
 iteration          932 MCMCOBJ=    23833.731171327687     
 iteration          933 MCMCOBJ=    23813.998003984158     
 iteration          934 MCMCOBJ=    23776.879258911835     
 iteration          935 MCMCOBJ=    23817.259152103838     
 iteration          936 MCMCOBJ=    23752.602538740215     
 iteration          937 MCMCOBJ=    23806.585581063424     
 iteration          938 MCMCOBJ=    23768.954058669686     
 iteration          939 MCMCOBJ=    23808.004515279074     
 iteration          940 MCMCOBJ=    23801.486067183869     
 iteration          941 MCMCOBJ=    23765.994832216049     
 iteration          942 MCMCOBJ=    23719.453229732106     
 iteration          943 MCMCOBJ=    23803.681685159987     
 iteration          944 MCMCOBJ=    23876.330778027383     
 iteration          945 MCMCOBJ=    23891.905903254908     
 iteration          946 MCMCOBJ=    23854.033571523003     
 iteration          947 MCMCOBJ=    23907.313748573171     
 iteration          948 MCMCOBJ=    23865.162547554235     
 iteration          949 MCMCOBJ=    23812.788791117015     
 iteration          950 MCMCOBJ=    23850.597669401526     
 iteration          951 MCMCOBJ=    23859.282515691819     
 iteration          952 MCMCOBJ=    23974.468188555078     
 iteration          953 MCMCOBJ=    23877.595410600410     
 iteration          954 MCMCOBJ=    23866.535336377630     
 iteration          955 MCMCOBJ=    23843.485928086768     
 iteration          956 MCMCOBJ=    23800.889023186370     
 iteration          957 MCMCOBJ=    23755.051402843779     
 iteration          958 MCMCOBJ=    23821.273547077028     
 iteration          959 MCMCOBJ=    23840.234275484188     
 iteration          960 MCMCOBJ=    23820.285168168914     
 iteration          961 MCMCOBJ=    23789.679807137833     
 iteration          962 MCMCOBJ=    23798.515915643184     
 iteration          963 MCMCOBJ=    23777.405371072004     
 iteration          964 MCMCOBJ=    23788.179252001486     
 iteration          965 MCMCOBJ=    23744.989146991909     
 iteration          966 MCMCOBJ=    23774.477237213563     
 iteration          967 MCMCOBJ=    23765.886714533768     
 iteration          968 MCMCOBJ=    23735.597310724144     
 iteration          969 MCMCOBJ=    23644.078197984731     
 iteration          970 MCMCOBJ=    23723.297894663956     
 iteration          971 MCMCOBJ=    23688.260924550621     
 iteration          972 MCMCOBJ=    23767.021567005286     
 iteration          973 MCMCOBJ=    23694.161789467398     
 iteration          974 MCMCOBJ=    23696.105166331654     
 iteration          975 MCMCOBJ=    23813.960411345866     
 iteration          976 MCMCOBJ=    23688.446431019809     
 iteration          977 MCMCOBJ=    23636.445999159736     
 iteration          978 MCMCOBJ=    23673.287587347000     
 iteration          979 MCMCOBJ=    23711.680566258878     
 iteration          980 MCMCOBJ=    23778.857241250280     
 iteration          981 MCMCOBJ=    23748.425617373203     
 iteration          982 MCMCOBJ=    23752.011432260930     
 iteration          983 MCMCOBJ=    23751.374047105557     
 iteration          984 MCMCOBJ=    23752.290689467016     
 iteration          985 MCMCOBJ=    23740.743864865442     
 iteration          986 MCMCOBJ=    23780.948068840276     
 iteration          987 MCMCOBJ=    23721.563183138540     
 iteration          988 MCMCOBJ=    23841.637922943555     
 iteration          989 MCMCOBJ=    23869.281789018693     
 iteration          990 MCMCOBJ=    23887.453779852309     
 iteration          991 MCMCOBJ=    23818.654400583338     
 iteration          992 MCMCOBJ=    23822.623669367102     
 iteration          993 MCMCOBJ=    23814.588944330379     
 iteration          994 MCMCOBJ=    23867.840574935984     
 iteration          995 MCMCOBJ=    23848.997643532974     
 iteration          996 MCMCOBJ=    23856.016980916356     
 iteration          997 MCMCOBJ=    23903.914206497942     
 iteration          998 MCMCOBJ=    23870.466562822141     
 iteration          999 MCMCOBJ=    23838.167190952518     
 iteration         1000 MCMCOBJ=    23860.096024401457     
 Elapsed estimation  time in seconds:  9309.97
 BURN-IN WAS NOT TESTED FOR CONVERGENCE
 STATISTICAL PORTION WAS COMPLETED

 Elapsed covariance  time in seconds:     0.00
 Minimum value for a list item exceeded:      1
 Parallelization Warnings are in FPWARN
 Minimum value for a list item exceeded:      1
 Parallelization Warnings are in FPWARN
 Elapsed postprocess time in seconds:     2.70
 Elapsed finaloutput time in seconds:     0.24
Done with nonmem execution
