PARAFILE=200_3.pnm, PROTOCOL=MPI, NODES= 4
TABLE NO.     1: MCMC Bayesian Analysis: Goal Function=AVERAGE VALUE OF LIKELIHOOD FUNCTION: Problem=1 Subproblem=0 Superproblem1=0 Iteration1=0 Superproblem2=0 Iteration2=0
 ITERATION         -500
 STARTING SUBJECTS          1 TO       52 ON MANAGER: OK
 STARTING SUBJECTS         53 TO      104 ON WORKER1: OK
 STARTING SUBJECTS        105 TO      156 ON WORKER2: OK
 STARTING SUBJECTS        157 TO      208 ON WORKER3: OK
 COLLECTING SUBJECTS        1 TO       52 ON MANAGER
 COLLECTING SUBJECTS       53 TO      104 ON WORKER1
 COLLECTING SUBJECTS      105 TO      156 ON WORKER2
 COLLECTING SUBJECTS      157 TO      208 ON WORKER3
 Tot. mngr. proc.   Time for this  Iteration  (DDD:HH:MM:SS.DD) 000:00:00:00.00
 Total Load         Time for this  Iteration  (DDD:HH:MM:SS.DD) 000:00:00:00.05
 Total Computation  Time for this  Iteration  (DDD:HH:MM:SS.DD) 000:00:00:00.00
 Accum. mngr. proc. Time among all Iterations (DDD:HH:MM:SS.DD) 000:00:00:00.00
 Accumulated Load   Time among all Iterations (DDD:HH:MM:SS.DD) 000:00:00:00.05
 Accumulated Comp.  Time among all Iterations (DDD:HH:MM:SS.DD) 000:00:00:00.00
 Accumulated CPU    Time of present job       (DDD:HH:MM:SS.DD) 000:00:00:00.00

 ITERATION         -500
 STARTING SUBJECTS          1 TO       52 ON MANAGER: OK
 STARTING SUBJECTS         53 TO      104 ON WORKER1: OK
 STARTING SUBJECTS        105 TO      156 ON WORKER2: OK
 STARTING SUBJECTS        157 TO      208 ON WORKER3: OK
 COLLECTING SUBJECTS        1 TO       52 ON MANAGER
 COLLECTING SUBJECTS       53 TO      104 ON WORKER1
 COLLECTING SUBJECTS      105 TO      156 ON WORKER2
 COLLECTING SUBJECTS      157 TO      208 ON WORKER3
 ITERATION         -500
 STARTING SUBJECTS          1 TO       52 ON MANAGER: OK
 STARTING SUBJECTS         53 TO      104 ON WORKER1: OK
 STARTING SUBJECTS        105 TO      156 ON WORKER2: OK
 STARTING SUBJECTS        157 TO      208 ON WORKER3: OK
 COLLECTING SUBJECTS        1 TO       52 ON MANAGER
 COLLECTING SUBJECTS       53 TO      104 ON WORKER1
 COLLECTING SUBJECTS      157 TO      208 ON WORKER3
 COLLECTING SUBJECTS      105 TO      156 ON WORKER2
 ITERATION         -500
 STARTING SUBJECTS          1 TO       52 ON MANAGER: OK
 STARTING SUBJECTS         53 TO      104 ON WORKER1: OK
 STARTING SUBJECTS        105 TO      156 ON WORKER2: OK
 STARTING SUBJECTS        157 TO      208 ON WORKER3: OK
 COLLECTING SUBJECTS        1 TO       52 ON MANAGER
 COLLECTING SUBJECTS      105 TO      156 ON WORKER2
 COLLECTING SUBJECTS      157 TO      208 ON WORKER3
 COLLECTING SUBJECTS       53 TO      104 ON WORKER1
 ITERATION         -500
 STARTING SUBJECTS          1 TO       52 ON MANAGER: OK
 STARTING SUBJECTS         53 TO      104 ON WORKER1: OK
 STARTING SUBJECTS        105 TO      156 ON WORKER2: OK
 STARTING SUBJECTS        157 TO      208 ON WORKER3: OK
 COLLECTING SUBJECTS        1 TO       52 ON MANAGER
 COLLECTING SUBJECTS       53 TO      104 ON WORKER1
 COLLECTING SUBJECTS      105 TO      156 ON WORKER2
 COLLECTING SUBJECTS      157 TO      208 ON WORKER3
 ITERATION         -500
 STARTING SUBJECTS          1 TO       52 ON MANAGER: OK
 STARTING SUBJECTS         53 TO      104 ON WORKER1: OK
 STARTING SUBJECTS        105 TO      156 ON WORKER2: OK
 STARTING SUBJECTS        157 TO      208 ON WORKER3: OK
 COLLECTING SUBJECTS        1 TO       52 ON MANAGER
 COLLECTING SUBJECTS       53 TO      104 ON WORKER1
 COLLECTING SUBJECTS      105 TO      156 ON WORKER2
 COLLECTING SUBJECTS      157 TO      208 ON WORKER3
 ITERATION         -500
 STARTING SUBJECTS          1 TO       52 ON MANAGER: OK
 STARTING SUBJECTS         53 TO      104 ON WORKER1: OK
 STARTING SUBJECTS        105 TO      156 ON WORKER2: OK
 STARTING SUBJECTS        157 TO      208 ON WORKER3: OK
 COLLECTING SUBJECTS        1 TO       52 ON MANAGER
 COLLECTING SUBJECTS       53 TO      104 ON WORKER1
 COLLECTING SUBJECTS      105 TO      156 ON WORKER2
 COLLECTING SUBJECTS      157 TO      208 ON WORKER3
 ITERATION         -500
 STARTING SUBJECTS          1 TO       52 ON MANAGER: OK
 STARTING SUBJECTS         53 TO      104 ON WORKER1: OK
 STARTING SUBJECTS        105 TO      156 ON WORKER2: OK
 STARTING SUBJECTS        157 TO      208 ON WORKER3: OK
 COLLECTING SUBJECTS        1 TO       52 ON MANAGER
 COLLECTING SUBJECTS       53 TO      104 ON WORKER1
 COLLECTING SUBJECTS      157 TO      208 ON WORKER3
 COLLECTING SUBJECTS      105 TO      156 ON WORKER2
 ITERATION         -500
 STARTING SUBJECTS          1 TO       52 ON MANAGER: OK
 STARTING SUBJECTS         53 TO      104 ON WORKER1: OK
 STARTING SUBJECTS        105 TO      156 ON WORKER2: OK
 STARTING SUBJECTS        157 TO      208 ON WORKER3: OK
 COLLECTING SUBJECTS        1 TO       52 ON MANAGER
 COLLECTING SUBJECTS       53 TO      104 ON WORKER1
 COLLECTING SUBJECTS      157 TO      208 ON WORKER3
 COLLECTING SUBJECTS      105 TO      156 ON WORKER2
 ITERATION         -500
 STARTING SUBJECTS          1 TO       52 ON MANAGER: OK
 STARTING SUBJECTS         53 TO      104 ON WORKER1: OK
 STARTING SUBJECTS        105 TO      156 ON WORKER2: OK
 STARTING SUBJECTS        157 TO      208 ON WORKER3: OK
 COLLECTING SUBJECTS        1 TO       52 ON MANAGER
 COLLECTING SUBJECTS       53 TO      104 ON WORKER1
 COLLECTING SUBJECTS      105 TO      156 ON WORKER2
 COLLECTING SUBJECTS      157 TO      208 ON WORKER3
 ITERATION         -500
 STARTING SUBJECTS          1 TO       52 ON MANAGER: OK
 STARTING SUBJECTS         53 TO      104 ON WORKER1: OK
 STARTING SUBJECTS        105 TO      156 ON WORKER2: OK
 STARTING SUBJECTS        157 TO      208 ON WORKER3: OK
 COLLECTING SUBJECTS        1 TO       52 ON MANAGER
 COLLECTING SUBJECTS       53 TO      104 ON WORKER1
 COLLECTING SUBJECTS      105 TO      156 ON WORKER2
 COLLECTING SUBJECTS      157 TO      208 ON WORKER3
 ITERATION         -500
 STARTING SUBJECTS          1 TO       52 ON MANAGER: OK
 STARTING SUBJECTS         53 TO      104 ON WORKER1: OK
 STARTING SUBJECTS        105 TO      156 ON WORKER2: OK
 STARTING SUBJECTS        157 TO      208 ON WORKER3: OK
 COLLECTING SUBJECTS        1 TO       52 ON MANAGER
 COLLECTING SUBJECTS      105 TO      156 ON WORKER2
 COLLECTING SUBJECTS      157 TO      208 ON WORKER3
 COLLECTING SUBJECTS       53 TO      104 ON WORKER1
 ITERATION         -500
 STARTING SUBJECTS          1 TO       52 ON MANAGER: OK
 STARTING SUBJECTS         53 TO      104 ON WORKER1: OK
 STARTING SUBJECTS        105 TO      156 ON WORKER2: OK
 STARTING SUBJECTS        157 TO      208 ON WORKER3: OK
 COLLECTING SUBJECTS        1 TO       52 ON MANAGER
 COLLECTING SUBJECTS      105 TO      156 ON WORKER2
 COLLECTING SUBJECTS      157 TO      208 ON WORKER3
 COLLECTING SUBJECTS       53 TO      104 ON WORKER1
 ITERATION         -500
 STARTING SUBJECTS          1 TO       52 ON MANAGER: OK
 STARTING SUBJECTS         53 TO      104 ON WORKER1: OK
 STARTING SUBJECTS        105 TO      156 ON WORKER2: OK
 STARTING SUBJECTS        157 TO      208 ON WORKER3: OK
 COLLECTING SUBJECTS        1 TO       52 ON MANAGER
 COLLECTING SUBJECTS       53 TO      104 ON WORKER1
 COLLECTING SUBJECTS      105 TO      156 ON WORKER2
 COLLECTING SUBJECTS      157 TO      208 ON WORKER3
 ITERATION         -500
 STARTING SUBJECTS          1 TO       52 ON MANAGER: OK
 STARTING SUBJECTS         53 TO      104 ON WORKER1: OK
 STARTING SUBJECTS        105 TO      156 ON WORKER2: OK
 STARTING SUBJECTS        157 TO      208 ON WORKER3: OK
 COLLECTING SUBJECTS        1 TO       52 ON MANAGER
 COLLECTING SUBJECTS       53 TO      104 ON WORKER1
 COLLECTING SUBJECTS      105 TO      156 ON WORKER2
 COLLECTING SUBJECTS      157 TO      208 ON WORKER3
 ITERATION         -500
 STARTING SUBJECTS          1 TO       52 ON MANAGER: OK
 STARTING SUBJECTS         53 TO      104 ON WORKER1: OK
 STARTING SUBJECTS        105 TO      156 ON WORKER2: OK
 STARTING SUBJECTS        157 TO      208 ON WORKER3: OK
 COLLECTING SUBJECTS        1 TO       52 ON MANAGER
 COLLECTING SUBJECTS       53 TO      104 ON WORKER1
 COLLECTING SUBJECTS      157 TO      208 ON WORKER3
 COLLECTING SUBJECTS      105 TO      156 ON WORKER2
 ITERATION         -500
 STARTING SUBJECTS          1 TO       52 ON MANAGER: OK
 STARTING SUBJECTS         53 TO      104 ON WORKER1: OK
 STARTING SUBJECTS        105 TO      156 ON WORKER2: OK
 STARTING SUBJECTS        157 TO      208 ON WORKER3: OK
 COLLECTING SUBJECTS        1 TO       52 ON MANAGER
 COLLECTING SUBJECTS       53 TO      104 ON WORKER1
 COLLECTING SUBJECTS      105 TO      156 ON WORKER2
 COLLECTING SUBJECTS      157 TO      208 ON WORKER3
 ITERATION         -500
 STARTING SUBJECTS          1 TO       52 ON MANAGER: OK
 STARTING SUBJECTS         53 TO      104 ON WORKER1: OK
 STARTING SUBJECTS        105 TO      156 ON WORKER2: OK
 STARTING SUBJECTS        157 TO      208 ON WORKER3: OK
 COLLECTING SUBJECTS        1 TO       52 ON MANAGER
 COLLECTING SUBJECTS       53 TO      104 ON WORKER1
 COLLECTING SUBJECTS      105 TO      156 ON WORKER2
 COLLECTING SUBJECTS      157 TO      208 ON WORKER3
 ITERATION         -500
 STARTING SUBJECTS          1 TO       52 ON MANAGER: OK
 STARTING SUBJECTS         53 TO      104 ON WORKER1: OK
 STARTING SUBJECTS        105 TO      156 ON WORKER2: OK
 STARTING SUBJECTS        157 TO      208 ON WORKER3: OK
 COLLECTING SUBJECTS        1 TO       52 ON MANAGER
 COLLECTING SUBJECTS       53 TO      104 ON WORKER1
 COLLECTING SUBJECTS      105 TO      156 ON WORKER2
 COLLECTING SUBJECTS      157 TO      208 ON WORKER3
 ITERATION         -500
 STARTING SUBJECTS          1 TO       52 ON MANAGER: OK
 STARTING SUBJECTS         53 TO      104 ON WORKER1: OK
 STARTING SUBJECTS        105 TO      156 ON WORKER2: OK
 STARTING SUBJECTS        157 TO      208 ON WORKER3: OK
 COLLECTING SUBJECTS        1 TO       52 ON MANAGER
 COLLECTING SUBJECTS       53 TO      104 ON WORKER1
 COLLECTING SUBJECTS      105 TO      156 ON WORKER2
 COLLECTING SUBJECTS      157 TO      208 ON WORKER3
 ITERATION         -500
 STARTING SUBJECTS          1 TO       52 ON MANAGER: OK
 STARTING SUBJECTS         53 TO      104 ON WORKER1: OK
 STARTING SUBJECTS        105 TO      156 ON WORKER2: OK
 STARTING SUBJECTS        157 TO      208 ON WORKER3: OK
 COLLECTING SUBJECTS        1 TO       52 ON MANAGER
 COLLECTING SUBJECTS       53 TO      104 ON WORKER1
 COLLECTING SUBJECTS      105 TO      156 ON WORKER2
 COLLECTING SUBJECTS      157 TO      208 ON WORKER3
 ITERATION         -500
 STARTING SUBJECTS          1 TO       52 ON MANAGER: OK
 STARTING SUBJECTS         53 TO      104 ON WORKER1: OK
 STARTING SUBJECTS        105 TO      156 ON WORKER2: OK
 STARTING SUBJECTS        157 TO      208 ON WORKER3: OK
 COLLECTING SUBJECTS        1 TO       52 ON MANAGER
 COLLECTING SUBJECTS       53 TO      104 ON WORKER1
 COLLECTING SUBJECTS      105 TO      156 ON WORKER2
 COLLECTING SUBJECTS      157 TO      208 ON WORKER3
 ITERATION         -500
 STARTING SUBJECTS          1 TO       52 ON MANAGER: OK
 STARTING SUBJECTS         53 TO      104 ON WORKER1: OK
 STARTING SUBJECTS        105 TO      156 ON WORKER2: OK
 STARTING SUBJECTS        157 TO      208 ON WORKER3: OK
 COLLECTING SUBJECTS        1 TO       52 ON MANAGER
 COLLECTING SUBJECTS       53 TO      104 ON WORKER1
 COLLECTING SUBJECTS      105 TO      156 ON WORKER2
 COLLECTING SUBJECTS      157 TO      208 ON WORKER3
 ITERATION         -500
 STARTING SUBJECTS          1 TO       52 ON MANAGER: OK
 STARTING SUBJECTS         53 TO      104 ON WORKER1: OK
 STARTING SUBJECTS        105 TO      156 ON WORKER2: OK
 STARTING SUBJECTS        157 TO      208 ON WORKER3: OK
 COLLECTING SUBJECTS        1 TO       52 ON MANAGER
 COLLECTING SUBJECTS       53 TO      104 ON WORKER1
 COLLECTING SUBJECTS      105 TO      156 ON WORKER2
 COLLECTING SUBJECTS      157 TO      208 ON WORKER3
 ITERATION         -500
 STARTING SUBJECTS          1 TO       52 ON MANAGER: OK
 STARTING SUBJECTS         53 TO      104 ON WORKER1: OK
 STARTING SUBJECTS        105 TO      156 ON WORKER2: OK
 STARTING SUBJECTS        157 TO      208 ON WORKER3: OK
 COLLECTING SUBJECTS        1 TO       52 ON MANAGER
 COLLECTING SUBJECTS       53 TO      104 ON WORKER1
 COLLECTING SUBJECTS      157 TO      208 ON WORKER3
 COLLECTING SUBJECTS      105 TO      156 ON WORKER2
 ITERATION         -500
 STARTING SUBJECTS          1 TO       52 ON MANAGER: OK
 STARTING SUBJECTS         53 TO      104 ON WORKER1: OK
 STARTING SUBJECTS        105 TO      156 ON WORKER2: OK
 STARTING SUBJECTS        157 TO      208 ON WORKER3: OK
 COLLECTING SUBJECTS        1 TO       52 ON MANAGER
 COLLECTING SUBJECTS       53 TO      104 ON WORKER1
 COLLECTING SUBJECTS      105 TO      156 ON WORKER2
 COLLECTING SUBJECTS      157 TO      208 ON WORKER3
 ITERATION         -500
 STARTING SUBJECTS          1 TO       52 ON MANAGER: OK
 STARTING SUBJECTS         53 TO      104 ON WORKER1: OK
 STARTING SUBJECTS        105 TO      156 ON WORKER2: OK
 STARTING SUBJECTS        157 TO      208 ON WORKER3: OK
 COLLECTING SUBJECTS        1 TO       52 ON MANAGER
 COLLECTING SUBJECTS       53 TO      104 ON WORKER1
 COLLECTING SUBJECTS      105 TO      156 ON WORKER2
 COLLECTING SUBJECTS      157 TO      208 ON WORKER3
 ITERATION         -500
 STARTING SUBJECTS          1 TO       52 ON MANAGER: OK
 STARTING SUBJECTS         53 TO      104 ON WORKER1: OK
 STARTING SUBJECTS        105 TO      156 ON WORKER2: OK
 STARTING SUBJECTS        157 TO      208 ON WORKER3: OK
 COLLECTING SUBJECTS        1 TO       52 ON MANAGER
 COLLECTING SUBJECTS       53 TO      104 ON WORKER1
 COLLECTING SUBJECTS      157 TO      208 ON WORKER3
 COLLECTING SUBJECTS      105 TO      156 ON WORKER2
 ITERATION         -500
 STARTING SUBJECTS          1 TO       52 ON MANAGER: OK
 STARTING SUBJECTS         53 TO      104 ON WORKER1: OK
 STARTING SUBJECTS        105 TO      156 ON WORKER2: OK
 STARTING SUBJECTS        157 TO      208 ON WORKER3: OK
 COLLECTING SUBJECTS        1 TO       52 ON MANAGER
 COLLECTING SUBJECTS       53 TO      104 ON WORKER1
 COLLECTING SUBJECTS      105 TO      156 ON WORKER2
 COLLECTING SUBJECTS      157 TO      208 ON WORKER3
 ITERATION         -500
 STARTING SUBJECTS          1 TO       52 ON MANAGER: OK
 STARTING SUBJECTS         53 TO      104 ON WORKER1: OK
 STARTING SUBJECTS        105 TO      156 ON WORKER2: OK
 STARTING SUBJECTS        157 TO      208 ON WORKER3: OK
 COLLECTING SUBJECTS        1 TO       52 ON MANAGER
 COLLECTING SUBJECTS       53 TO      104 ON WORKER1
 COLLECTING SUBJECTS      157 TO      208 ON WORKER3
 COLLECTING SUBJECTS      105 TO      156 ON WORKER2
 ITERATION         -500
 STARTING SUBJECTS          1 TO       52 ON MANAGER: OK
 STARTING SUBJECTS         53 TO      104 ON WORKER1: OK
 STARTING SUBJECTS        105 TO      156 ON WORKER2: OK
 STARTING SUBJECTS        157 TO      208 ON WORKER3: OK
 COLLECTING SUBJECTS        1 TO       52 ON MANAGER
 COLLECTING SUBJECTS       53 TO      104 ON WORKER1
 COLLECTING SUBJECTS      105 TO      156 ON WORKER2
 COLLECTING SUBJECTS      157 TO      208 ON WORKER3
 ITERATION         -500
 STARTING SUBJECTS          1 TO       52 ON MANAGER: OK
 STARTING SUBJECTS         53 TO      104 ON WORKER1: OK
 STARTING SUBJECTS        105 TO      156 ON WORKER2: OK
 STARTING SUBJECTS        157 TO      208 ON WORKER3: OK
 COLLECTING SUBJECTS        1 TO       52 ON MANAGER
 COLLECTING SUBJECTS       53 TO      104 ON WORKER1
 COLLECTING SUBJECTS      105 TO      156 ON WORKER2
 COLLECTING SUBJECTS      157 TO      208 ON WORKER3
 ITERATION         -500
 STARTING SUBJECTS          1 TO       52 ON MANAGER: OK
 STARTING SUBJECTS         53 TO      104 ON WORKER1: OK
 STARTING SUBJECTS        105 TO      156 ON WORKER2: OK
 STARTING SUBJECTS        157 TO      208 ON WORKER3: OK
 COLLECTING SUBJECTS        1 TO       52 ON MANAGER
 COLLECTING SUBJECTS       53 TO      104 ON WORKER1
 COLLECTING SUBJECTS      105 TO      156 ON WORKER2
 COLLECTING SUBJECTS      157 TO      208 ON WORKER3
 ITERATION         -500
 STARTING SUBJECTS          1 TO       52 ON MANAGER: OK
 STARTING SUBJECTS         53 TO      104 ON WORKER1: OK
 STARTING SUBJECTS        105 TO      156 ON WORKER2: OK
 STARTING SUBJECTS        157 TO      208 ON WORKER3: OK
 COLLECTING SUBJECTS        1 TO       52 ON MANAGER
 COLLECTING SUBJECTS       53 TO      104 ON WORKER1
 COLLECTING SUBJECTS      105 TO      156 ON WORKER2
 COLLECTING SUBJECTS      157 TO      208 ON WORKER3
 ITERATION         -500
 STARTING SUBJECTS          1 TO       52 ON MANAGER: OK
 STARTING SUBJECTS         53 TO      104 ON WORKER1: OK
 STARTING SUBJECTS        105 TO      156 ON WORKER2: OK
 STARTING SUBJECTS        157 TO      208 ON WORKER3: OK
 COLLECTING SUBJECTS        1 TO       52 ON MANAGER
 COLLECTING SUBJECTS       53 TO      104 ON WORKER1
 COLLECTING SUBJECTS      105 TO      156 ON WORKER2
 COLLECTING SUBJECTS      157 TO      208 ON WORKER3
 ITERATION         -500
 STARTING SUBJECTS          1 TO       52 ON MANAGER: OK
 STARTING SUBJECTS         53 TO      104 ON WORKER1: OK
 STARTING SUBJECTS        105 TO      156 ON WORKER2: OK
 STARTING SUBJECTS        157 TO      208 ON WORKER3: OK
 COLLECTING SUBJECTS        1 TO       52 ON MANAGER
 COLLECTING SUBJECTS       53 TO      104 ON WORKER1
 COLLECTING SUBJECTS      105 TO      156 ON WORKER2
 COLLECTING SUBJECTS      157 TO      208 ON WORKER3
 ITERATION         -500
 STARTING SUBJECTS          1 TO       52 ON MANAGER: OK
 STARTING SUBJECTS         53 TO      104 ON WORKER1: OK
 STARTING SUBJECTS        105 TO      156 ON WORKER2: OK
 STARTING SUBJECTS        157 TO      208 ON WORKER3: OK
 COLLECTING SUBJECTS        1 TO       52 ON MANAGER
 COLLECTING SUBJECTS       53 TO      104 ON WORKER1
 COLLECTING SUBJECTS      105 TO      156 ON WORKER2
 COLLECTING SUBJECTS      157 TO      208 ON WORKER3
 ITERATION         -500
 STARTING SUBJECTS          1 TO       52 ON MANAGER: OK
 STARTING SUBJECTS         53 TO      104 ON WORKER1: OK
 STARTING SUBJECTS        105 TO      156 ON WORKER2: OK
 STARTING SUBJECTS        157 TO      208 ON WORKER3: OK
 COLLECTING SUBJECTS        1 TO       52 ON MANAGER
 COLLECTING SUBJECTS       53 TO      104 ON WORKER1
 COLLECTING SUBJECTS      105 TO      156 ON WORKER2
 COLLECTING SUBJECTS      157 TO      208 ON WORKER3
 ITERATION         -500
 STARTING SUBJECTS          1 TO       52 ON MANAGER: OK
 STARTING SUBJECTS         53 TO      104 ON WORKER1: OK
 STARTING SUBJECTS        105 TO      156 ON WORKER2: OK
 STARTING SUBJECTS        157 TO      208 ON WORKER3: OK
 COLLECTING SUBJECTS        1 TO       52 ON MANAGER
 COLLECTING SUBJECTS       53 TO      104 ON WORKER1
 COLLECTING SUBJECTS      105 TO      156 ON WORKER2
 COLLECTING SUBJECTS      157 TO      208 ON WORKER3
 ITERATION         -500
 STARTING SUBJECTS          1 TO       52 ON MANAGER: OK
 STARTING SUBJECTS         53 TO      104 ON WORKER1: OK
 STARTING SUBJECTS        105 TO      156 ON WORKER2: OK
 STARTING SUBJECTS        157 TO      208 ON WORKER3: OK
 COLLECTING SUBJECTS        1 TO       52 ON MANAGER
 COLLECTING SUBJECTS      157 TO      208 ON WORKER3
 COLLECTING SUBJECTS       53 TO      104 ON WORKER1
 COLLECTING SUBJECTS      105 TO      156 ON WORKER2
 ITERATION         -500
 STARTING SUBJECTS          1 TO       52 ON MANAGER: OK
 STARTING SUBJECTS         53 TO      104 ON WORKER1: OK
 STARTING SUBJECTS        105 TO      156 ON WORKER2: OK
 STARTING SUBJECTS        157 TO      208 ON WORKER3: OK
 COLLECTING SUBJECTS        1 TO       52 ON MANAGER
 COLLECTING SUBJECTS      157 TO      208 ON WORKER3
 COLLECTING SUBJECTS      105 TO      156 ON WORKER2
 COLLECTING SUBJECTS       53 TO      104 ON WORKER1
 Tot. mngr. proc.   Time for this  Iteration  (DDD:HH:MM:SS.DD) 000:00:00:00.02
 Total Load         Time for this  Iteration  (DDD:HH:MM:SS.DD) 000:00:00:00.16
 Total Computation  Time for this  Iteration  (DDD:HH:MM:SS.DD) 000:00:00:04.23
 Accum. mngr. proc. Time among all Iterations (DDD:HH:MM:SS.DD) 000:00:00:05.23
 Accumulated Load   Time among all Iterations (DDD:HH:MM:SS.DD) 000:00:07:13.40
 Accumulated Comp.  Time among all Iterations (DDD:HH:MM:SS.DD) 000:03:30:42.63
 Accumulated CPU    Time of present job       (DDD:HH:MM:SS.DD) 000:04:41:03.41

 ITERATION            0
 STARTING SUBJECTS          1 TO       91 ON MANAGER: OK
 STARTING SUBJECTS         92 TO      129 ON WORKER1: OK
 STARTING SUBJECTS        130 TO      169 ON WORKER2: OK
 STARTING SUBJECTS        170 TO      208 ON WORKER3: OK
 COLLECTING SUBJECTS        1 TO       91 ON MANAGER
 COLLECTING SUBJECTS       92 TO      129 ON WORKER1
 COLLECTING SUBJECTS      130 TO      169 ON WORKER2
 COLLECTING SUBJECTS      170 TO      208 ON WORKER3
 ITERATION            0
 STARTING SUBJECTS          1 TO       91 ON MANAGER: OK
 STARTING SUBJECTS         92 TO      129 ON WORKER1: OK
 STARTING SUBJECTS        130 TO      169 ON WORKER2: OK
 STARTING SUBJECTS        170 TO      208 ON WORKER3: OK
 COLLECTING SUBJECTS        1 TO       91 ON MANAGER
 COLLECTING SUBJECTS       92 TO      129 ON WORKER1
 COLLECTING SUBJECTS      170 TO      208 ON WORKER3
 COLLECTING SUBJECTS      130 TO      169 ON WORKER2
 ITERATION            0
 STARTING SUBJECTS          1 TO       91 ON MANAGER: OK
 STARTING SUBJECTS         92 TO      129 ON WORKER1: OK
 STARTING SUBJECTS        130 TO      169 ON WORKER2: OK
 STARTING SUBJECTS        170 TO      208 ON WORKER3: OK
 COLLECTING SUBJECTS        1 TO       91 ON MANAGER
 COLLECTING SUBJECTS       92 TO      129 ON WORKER1
 COLLECTING SUBJECTS      130 TO      169 ON WORKER2
 COLLECTING SUBJECTS      170 TO      208 ON WORKER3
 ITERATION            0
 STARTING SUBJECTS          1 TO       91 ON MANAGER: OK
 STARTING SUBJECTS         92 TO      129 ON WORKER1: OK
 STARTING SUBJECTS        130 TO      169 ON WORKER2: OK
 STARTING SUBJECTS        170 TO      208 ON WORKER3: OK
 COLLECTING SUBJECTS        1 TO       91 ON MANAGER
 COLLECTING SUBJECTS       92 TO      129 ON WORKER1
 COLLECTING SUBJECTS      130 TO      169 ON WORKER2
 COLLECTING SUBJECTS      170 TO      208 ON WORKER3
 ITERATION            0
 STARTING SUBJECTS          1 TO       91 ON MANAGER: OK
 STARTING SUBJECTS         92 TO      129 ON WORKER1: OK
 STARTING SUBJECTS        130 TO      169 ON WORKER2: OK
 STARTING SUBJECTS        170 TO      208 ON WORKER3: OK
 COLLECTING SUBJECTS        1 TO       91 ON MANAGER
 COLLECTING SUBJECTS       92 TO      129 ON WORKER1
 COLLECTING SUBJECTS      170 TO      208 ON WORKER3
 COLLECTING SUBJECTS      130 TO      169 ON WORKER2
 ITERATION            0
 STARTING SUBJECTS          1 TO       91 ON MANAGER: OK
 STARTING SUBJECTS         92 TO      129 ON WORKER1: OK
 STARTING SUBJECTS        130 TO      169 ON WORKER2: OK
 STARTING SUBJECTS        170 TO      208 ON WORKER3: OK
 COLLECTING SUBJECTS        1 TO       91 ON MANAGER
 COLLECTING SUBJECTS       92 TO      129 ON WORKER1
 COLLECTING SUBJECTS      130 TO      169 ON WORKER2
 COLLECTING SUBJECTS      170 TO      208 ON WORKER3
 ITERATION            0
 STARTING SUBJECTS          1 TO       91 ON MANAGER: OK
 STARTING SUBJECTS         92 TO      129 ON WORKER1: OK
 STARTING SUBJECTS        130 TO      169 ON WORKER2: OK
 STARTING SUBJECTS        170 TO      208 ON WORKER3: OK
 COLLECTING SUBJECTS        1 TO       91 ON MANAGER
 COLLECTING SUBJECTS       92 TO      129 ON WORKER1
 COLLECTING SUBJECTS      170 TO      208 ON WORKER3
 COLLECTING SUBJECTS      130 TO      169 ON WORKER2
 ITERATION            0
 STARTING SUBJECTS          1 TO       91 ON MANAGER: OK
 STARTING SUBJECTS         92 TO      129 ON WORKER1: OK
 STARTING SUBJECTS        130 TO      169 ON WORKER2: OK
 STARTING SUBJECTS        170 TO      208 ON WORKER3: OK
 COLLECTING SUBJECTS        1 TO       91 ON MANAGER
 COLLECTING SUBJECTS       92 TO      129 ON WORKER1
 COLLECTING SUBJECTS      130 TO      169 ON WORKER2
 COLLECTING SUBJECTS      170 TO      208 ON WORKER3
 ITERATION            0
 STARTING SUBJECTS          1 TO       91 ON MANAGER: OK
 STARTING SUBJECTS         92 TO      129 ON WORKER1: OK
 STARTING SUBJECTS        130 TO      169 ON WORKER2: OK
 STARTING SUBJECTS        170 TO      208 ON WORKER3: OK
 COLLECTING SUBJECTS        1 TO       91 ON MANAGER
 COLLECTING SUBJECTS       92 TO      129 ON WORKER1
 COLLECTING SUBJECTS      130 TO      169 ON WORKER2
 COLLECTING SUBJECTS      170 TO      208 ON WORKER3
 ITERATION            0
 STARTING SUBJECTS          1 TO       91 ON MANAGER: OK
 STARTING SUBJECTS         92 TO      129 ON WORKER1: OK
 STARTING SUBJECTS        130 TO      169 ON WORKER2: OK
 STARTING SUBJECTS        170 TO      208 ON WORKER3: OK
 COLLECTING SUBJECTS        1 TO       91 ON MANAGER
 COLLECTING SUBJECTS       92 TO      129 ON WORKER1
 COLLECTING SUBJECTS      130 TO      169 ON WORKER2
 COLLECTING SUBJECTS      170 TO      208 ON WORKER3
 ITERATION            0
 STARTING SUBJECTS          1 TO       91 ON MANAGER: OK
 STARTING SUBJECTS         92 TO      129 ON WORKER1: OK
 STARTING SUBJECTS        130 TO      169 ON WORKER2: OK
 STARTING SUBJECTS        170 TO      208 ON WORKER3: OK
 COLLECTING SUBJECTS        1 TO       91 ON MANAGER
 COLLECTING SUBJECTS       92 TO      129 ON WORKER1
 COLLECTING SUBJECTS      130 TO      169 ON WORKER2
 COLLECTING SUBJECTS      170 TO      208 ON WORKER3
 ITERATION            0
 STARTING SUBJECTS          1 TO       91 ON MANAGER: OK
 STARTING SUBJECTS         92 TO      129 ON WORKER1: OK
 STARTING SUBJECTS        130 TO      169 ON WORKER2: OK
 STARTING SUBJECTS        170 TO      208 ON WORKER3: OK
 COLLECTING SUBJECTS        1 TO       91 ON MANAGER
 COLLECTING SUBJECTS      130 TO      169 ON WORKER2
 COLLECTING SUBJECTS      170 TO      208 ON WORKER3
 COLLECTING SUBJECTS       92 TO      129 ON WORKER1
 ITERATION            0
 STARTING SUBJECTS          1 TO       91 ON MANAGER: OK
 STARTING SUBJECTS         92 TO      129 ON WORKER1: OK
 STARTING SUBJECTS        130 TO      169 ON WORKER2: OK
 STARTING SUBJECTS        170 TO      208 ON WORKER3: OK
 COLLECTING SUBJECTS        1 TO       91 ON MANAGER
 COLLECTING SUBJECTS       92 TO      129 ON WORKER1
 COLLECTING SUBJECTS      130 TO      169 ON WORKER2
 COLLECTING SUBJECTS      170 TO      208 ON WORKER3
 ITERATION            0
 STARTING SUBJECTS          1 TO       91 ON MANAGER: OK
 STARTING SUBJECTS         92 TO      129 ON WORKER1: OK
 STARTING SUBJECTS        130 TO      169 ON WORKER2: OK
 STARTING SUBJECTS        170 TO      208 ON WORKER3: OK
 COLLECTING SUBJECTS        1 TO       91 ON MANAGER
 COLLECTING SUBJECTS       92 TO      129 ON WORKER1
 COLLECTING SUBJECTS      130 TO      169 ON WORKER2
 COLLECTING SUBJECTS      170 TO      208 ON WORKER3
 ITERATION            0
 STARTING SUBJECTS          1 TO       91 ON MANAGER: OK
 STARTING SUBJECTS         92 TO      129 ON WORKER1: OK
 STARTING SUBJECTS        130 TO      169 ON WORKER2: OK
 STARTING SUBJECTS        170 TO      208 ON WORKER3: OK
 COLLECTING SUBJECTS        1 TO       91 ON MANAGER
 COLLECTING SUBJECTS       92 TO      129 ON WORKER1
 COLLECTING SUBJECTS      170 TO      208 ON WORKER3
 COLLECTING SUBJECTS      130 TO      169 ON WORKER2
 ITERATION            0
 STARTING SUBJECTS          1 TO       91 ON MANAGER: OK
 STARTING SUBJECTS         92 TO      129 ON WORKER1: OK
 STARTING SUBJECTS        130 TO      169 ON WORKER2: OK
 STARTING SUBJECTS        170 TO      208 ON WORKER3: OK
 COLLECTING SUBJECTS        1 TO       91 ON MANAGER
 COLLECTING SUBJECTS       92 TO      129 ON WORKER1
 COLLECTING SUBJECTS      130 TO      169 ON WORKER2
 COLLECTING SUBJECTS      170 TO      208 ON WORKER3
 ITERATION            0
 STARTING SUBJECTS          1 TO       91 ON MANAGER: OK
 STARTING SUBJECTS         92 TO      129 ON WORKER1: OK
 STARTING SUBJECTS        130 TO      169 ON WORKER2: OK
 STARTING SUBJECTS        170 TO      208 ON WORKER3: OK
 COLLECTING SUBJECTS        1 TO       91 ON MANAGER
 COLLECTING SUBJECTS       92 TO      129 ON WORKER1
 COLLECTING SUBJECTS      130 TO      169 ON WORKER2
 COLLECTING SUBJECTS      170 TO      208 ON WORKER3
 ITERATION            0
 STARTING SUBJECTS          1 TO       91 ON MANAGER: OK
 STARTING SUBJECTS         92 TO      129 ON WORKER1: OK
 STARTING SUBJECTS        130 TO      169 ON WORKER2: OK
 STARTING SUBJECTS        170 TO      208 ON WORKER3: OK
 COLLECTING SUBJECTS        1 TO       91 ON MANAGER
 COLLECTING SUBJECTS       92 TO      129 ON WORKER1
 COLLECTING SUBJECTS      130 TO      169 ON WORKER2
 COLLECTING SUBJECTS      170 TO      208 ON WORKER3
 ITERATION            0
 STARTING SUBJECTS          1 TO       91 ON MANAGER: OK
 STARTING SUBJECTS         92 TO      129 ON WORKER1: OK
 STARTING SUBJECTS        130 TO      169 ON WORKER2: OK
 STARTING SUBJECTS        170 TO      208 ON WORKER3: OK
 COLLECTING SUBJECTS        1 TO       91 ON MANAGER
 COLLECTING SUBJECTS       92 TO      129 ON WORKER1
 COLLECTING SUBJECTS      170 TO      208 ON WORKER3
 COLLECTING SUBJECTS      130 TO      169 ON WORKER2
 ITERATION            0
 STARTING SUBJECTS          1 TO       91 ON MANAGER: OK
 STARTING SUBJECTS         92 TO      129 ON WORKER1: OK
 STARTING SUBJECTS        130 TO      169 ON WORKER2: OK
 STARTING SUBJECTS        170 TO      208 ON WORKER3: OK
 COLLECTING SUBJECTS        1 TO       91 ON MANAGER
 COLLECTING SUBJECTS       92 TO      129 ON WORKER1
 COLLECTING SUBJECTS      130 TO      169 ON WORKER2
 COLLECTING SUBJECTS      170 TO      208 ON WORKER3
 ITERATION            0
 STARTING SUBJECTS          1 TO       91 ON MANAGER: OK
 STARTING SUBJECTS         92 TO      129 ON WORKER1: OK
 STARTING SUBJECTS        130 TO      169 ON WORKER2: OK
 STARTING SUBJECTS        170 TO      208 ON WORKER3: OK
 COLLECTING SUBJECTS        1 TO       91 ON MANAGER
 COLLECTING SUBJECTS       92 TO      129 ON WORKER1
 COLLECTING SUBJECTS      130 TO      169 ON WORKER2
 COLLECTING SUBJECTS      170 TO      208 ON WORKER3
 ITERATION            0
 STARTING SUBJECTS          1 TO       91 ON MANAGER: OK
 STARTING SUBJECTS         92 TO      129 ON WORKER1: OK
 STARTING SUBJECTS        130 TO      169 ON WORKER2: OK
 STARTING SUBJECTS        170 TO      208 ON WORKER3: OK
 COLLECTING SUBJECTS        1 TO       91 ON MANAGER
 COLLECTING SUBJECTS       92 TO      129 ON WORKER1
 COLLECTING SUBJECTS      170 TO      208 ON WORKER3
 COLLECTING SUBJECTS      130 TO      169 ON WORKER2
 ITERATION            0
 STARTING SUBJECTS          1 TO       91 ON MANAGER: OK
 STARTING SUBJECTS         92 TO      129 ON WORKER1: OK
 STARTING SUBJECTS        130 TO      169 ON WORKER2: OK
 STARTING SUBJECTS        170 TO      208 ON WORKER3: OK
 COLLECTING SUBJECTS        1 TO       91 ON MANAGER
 COLLECTING SUBJECTS       92 TO      129 ON WORKER1
 COLLECTING SUBJECTS      130 TO      169 ON WORKER2
 COLLECTING SUBJECTS      170 TO      208 ON WORKER3
 ITERATION            0
 STARTING SUBJECTS          1 TO       91 ON MANAGER: OK
 STARTING SUBJECTS         92 TO      129 ON WORKER1: OK
 STARTING SUBJECTS        130 TO      169 ON WORKER2: OK
 STARTING SUBJECTS        170 TO      208 ON WORKER3: OK
 COLLECTING SUBJECTS        1 TO       91 ON MANAGER
 COLLECTING SUBJECTS       92 TO      129 ON WORKER1
 COLLECTING SUBJECTS      130 TO      169 ON WORKER2
 COLLECTING SUBJECTS      170 TO      208 ON WORKER3
 ITERATION            0
 STARTING SUBJECTS          1 TO       91 ON MANAGER: OK
 STARTING SUBJECTS         92 TO      129 ON WORKER1: OK
 STARTING SUBJECTS        130 TO      169 ON WORKER2: OK
 STARTING SUBJECTS        170 TO      208 ON WORKER3: OK
 COLLECTING SUBJECTS        1 TO       91 ON MANAGER
 COLLECTING SUBJECTS       92 TO      129 ON WORKER1
 COLLECTING SUBJECTS      130 TO      169 ON WORKER2
 COLLECTING SUBJECTS      170 TO      208 ON WORKER3
 ITERATION            0
 STARTING SUBJECTS          1 TO       91 ON MANAGER: OK
 STARTING SUBJECTS         92 TO      129 ON WORKER1: OK
 STARTING SUBJECTS        130 TO      169 ON WORKER2: OK
 STARTING SUBJECTS        170 TO      208 ON WORKER3: OK
 COLLECTING SUBJECTS        1 TO       91 ON MANAGER
 COLLECTING SUBJECTS       92 TO      129 ON WORKER1
 COLLECTING SUBJECTS      130 TO      169 ON WORKER2
 COLLECTING SUBJECTS      170 TO      208 ON WORKER3
 ITERATION            0
 STARTING SUBJECTS          1 TO       91 ON MANAGER: OK
 STARTING SUBJECTS         92 TO      129 ON WORKER1: OK
 STARTING SUBJECTS        130 TO      169 ON WORKER2: OK
 STARTING SUBJECTS        170 TO      208 ON WORKER3: OK
 COLLECTING SUBJECTS        1 TO       91 ON MANAGER
 COLLECTING SUBJECTS       92 TO      129 ON WORKER1
 COLLECTING SUBJECTS      170 TO      208 ON WORKER3
 COLLECTING SUBJECTS      130 TO      169 ON WORKER2
 ITERATION            0
 STARTING SUBJECTS          1 TO       91 ON MANAGER: OK
 STARTING SUBJECTS         92 TO      129 ON WORKER1: OK
 STARTING SUBJECTS        130 TO      169 ON WORKER2: OK
 STARTING SUBJECTS        170 TO      208 ON WORKER3: OK
 COLLECTING SUBJECTS        1 TO       91 ON MANAGER
 COLLECTING SUBJECTS       92 TO      129 ON WORKER1
 COLLECTING SUBJECTS      130 TO      169 ON WORKER2
 COLLECTING SUBJECTS      170 TO      208 ON WORKER3
 ITERATION            0
 STARTING SUBJECTS          1 TO       91 ON MANAGER: OK
 STARTING SUBJECTS         92 TO      129 ON WORKER1: OK
 STARTING SUBJECTS        130 TO      169 ON WORKER2: OK
 STARTING SUBJECTS        170 TO      208 ON WORKER3: OK
 COLLECTING SUBJECTS        1 TO       91 ON MANAGER
 COLLECTING SUBJECTS      130 TO      169 ON WORKER2
 COLLECTING SUBJECTS      170 TO      208 ON WORKER3
 COLLECTING SUBJECTS       92 TO      129 ON WORKER1
 ITERATION            0
 STARTING SUBJECTS          1 TO       91 ON MANAGER: OK
 STARTING SUBJECTS         92 TO      129 ON WORKER1: OK
 STARTING SUBJECTS        130 TO      169 ON WORKER2: OK
 STARTING SUBJECTS        170 TO      208 ON WORKER3: OK
 COLLECTING SUBJECTS        1 TO       91 ON MANAGER
 COLLECTING SUBJECTS       92 TO      129 ON WORKER1
 COLLECTING SUBJECTS      170 TO      208 ON WORKER3
 COLLECTING SUBJECTS      130 TO      169 ON WORKER2
 ITERATION            0
 STARTING SUBJECTS          1 TO       91 ON MANAGER: OK
 STARTING SUBJECTS         92 TO      129 ON WORKER1: OK
 STARTING SUBJECTS        130 TO      169 ON WORKER2: OK
 STARTING SUBJECTS        170 TO      208 ON WORKER3: OK
 COLLECTING SUBJECTS        1 TO       91 ON MANAGER
 COLLECTING SUBJECTS       92 TO      129 ON WORKER1
 COLLECTING SUBJECTS      130 TO      169 ON WORKER2
 COLLECTING SUBJECTS      170 TO      208 ON WORKER3
 ITERATION            0
 STARTING SUBJECTS          1 TO       91 ON MANAGER: OK
 STARTING SUBJECTS         92 TO      129 ON WORKER1: OK
 STARTING SUBJECTS        130 TO      169 ON WORKER2: OK
 STARTING SUBJECTS        170 TO      208 ON WORKER3: OK
 COLLECTING SUBJECTS        1 TO       91 ON MANAGER
 COLLECTING SUBJECTS       92 TO      129 ON WORKER1
 COLLECTING SUBJECTS      170 TO      208 ON WORKER3
 COLLECTING SUBJECTS      130 TO      169 ON WORKER2
 ITERATION            0
 STARTING SUBJECTS          1 TO       91 ON MANAGER: OK
 STARTING SUBJECTS         92 TO      129 ON WORKER1: OK
 STARTING SUBJECTS        130 TO      169 ON WORKER2: OK
 STARTING SUBJECTS        170 TO      208 ON WORKER3: OK
 COLLECTING SUBJECTS        1 TO       91 ON MANAGER
 COLLECTING SUBJECTS       92 TO      129 ON WORKER1
 COLLECTING SUBJECTS      130 TO      169 ON WORKER2
 COLLECTING SUBJECTS      170 TO      208 ON WORKER3
 ITERATION            0
 STARTING SUBJECTS          1 TO       91 ON MANAGER: OK
 STARTING SUBJECTS         92 TO      129 ON WORKER1: OK
 STARTING SUBJECTS        130 TO      169 ON WORKER2: OK
 STARTING SUBJECTS        170 TO      208 ON WORKER3: OK
 COLLECTING SUBJECTS        1 TO       91 ON MANAGER
 COLLECTING SUBJECTS      170 TO      208 ON WORKER3
 COLLECTING SUBJECTS      130 TO      169 ON WORKER2
 COLLECTING SUBJECTS       92 TO      129 ON WORKER1
 ITERATION            0
 STARTING SUBJECTS          1 TO       91 ON MANAGER: OK
 STARTING SUBJECTS         92 TO      129 ON WORKER1: OK
 STARTING SUBJECTS        130 TO      169 ON WORKER2: OK
 STARTING SUBJECTS        170 TO      208 ON WORKER3: OK
 COLLECTING SUBJECTS        1 TO       91 ON MANAGER
 COLLECTING SUBJECTS       92 TO      129 ON WORKER1
 COLLECTING SUBJECTS      130 TO      169 ON WORKER2
 COLLECTING SUBJECTS      170 TO      208 ON WORKER3
 Tot. mngr. proc.   Time for this  Iteration  (DDD:HH:MM:SS.DD) 000:00:00:00.02
 Total Load         Time for this  Iteration  (DDD:HH:MM:SS.DD) 000:00:00:00.23
 Total Computation  Time for this  Iteration  (DDD:HH:MM:SS.DD) 000:00:00:08.10
 Accum. mngr. proc. Time among all Iterations (DDD:HH:MM:SS.DD) 000:00:00:21.54
 Accumulated Load   Time among all Iterations (DDD:HH:MM:SS.DD) 000:00:11:38.56
 Accumulated Comp.  Time among all Iterations (DDD:HH:MM:SS.DD) 000:05:38:33.08
 Accumulated CPU    Time of present job       (DDD:HH:MM:SS.DD) 000:07:25:58.43

 ITERATION         1000
 STARTING SUBJECTS          1 TO       90 ON MANAGER: OK
 STARTING SUBJECTS         91 TO      129 ON WORKER1: OK
 STARTING SUBJECTS        130 TO      169 ON WORKER2: OK
 STARTING SUBJECTS        170 TO      208 ON WORKER3: OK
 COLLECTING SUBJECTS        1 TO       90 ON MANAGER
 COLLECTING SUBJECTS       91 TO      129 ON WORKER1
 COLLECTING SUBJECTS      170 TO      208 ON WORKER3
 COLLECTING SUBJECTS      130 TO      169 ON WORKER2
 ITERATION         1000
 STARTING SUBJECTS          1 TO       90 ON MANAGER: OK
 STARTING SUBJECTS         91 TO      129 ON WORKER1: OK
 STARTING SUBJECTS        130 TO      169 ON WORKER2: OK
 STARTING SUBJECTS        170 TO      208 ON WORKER3: OK
 COLLECTING SUBJECTS        1 TO       90 ON MANAGER
 COLLECTING SUBJECTS       91 TO      129 ON WORKER1
 COLLECTING SUBJECTS      130 TO      169 ON WORKER2
 COLLECTING SUBJECTS      170 TO      208 ON WORKER3
 ITERATION         1000
 STARTING SUBJECTS          1 TO       90 ON MANAGER: OK
 STARTING SUBJECTS         91 TO      129 ON WORKER1: OK
 STARTING SUBJECTS        130 TO      169 ON WORKER2: OK
 STARTING SUBJECTS        170 TO      208 ON WORKER3: OK
 COLLECTING SUBJECTS        1 TO       90 ON MANAGER
 COLLECTING SUBJECTS      130 TO      169 ON WORKER2
 COLLECTING SUBJECTS      170 TO      208 ON WORKER3
 COLLECTING SUBJECTS       91 TO      129 ON WORKER1
 ITERATION         1000
 STARTING SUBJECTS          1 TO       90 ON MANAGER: OK
 STARTING SUBJECTS         91 TO      129 ON WORKER1: OK
 STARTING SUBJECTS        130 TO      169 ON WORKER2: OK
 STARTING SUBJECTS        170 TO      208 ON WORKER3: OK
 COLLECTING SUBJECTS        1 TO       90 ON MANAGER
 COLLECTING SUBJECTS      130 TO      169 ON WORKER2
 COLLECTING SUBJECTS      170 TO      208 ON WORKER3
 COLLECTING SUBJECTS       91 TO      129 ON WORKER1
 ITERATION         1000
 STARTING SUBJECTS          1 TO       90 ON MANAGER: OK
 STARTING SUBJECTS         91 TO      129 ON WORKER1: OK
 STARTING SUBJECTS        130 TO      169 ON WORKER2: OK
 STARTING SUBJECTS        170 TO      208 ON WORKER3: OK
 COLLECTING SUBJECTS        1 TO       90 ON MANAGER
 COLLECTING SUBJECTS       91 TO      129 ON WORKER1
 COLLECTING SUBJECTS      130 TO      169 ON WORKER2
 COLLECTING SUBJECTS      170 TO      208 ON WORKER3
 ITERATION         1000
 STARTING SUBJECTS          1 TO       90 ON MANAGER: OK
 STARTING SUBJECTS         91 TO      129 ON WORKER1: OK
 STARTING SUBJECTS        130 TO      169 ON WORKER2: OK
 STARTING SUBJECTS        170 TO      208 ON WORKER3: OK
 COLLECTING SUBJECTS        1 TO       90 ON MANAGER
 COLLECTING SUBJECTS       91 TO      129 ON WORKER1
 COLLECTING SUBJECTS      170 TO      208 ON WORKER3
 COLLECTING SUBJECTS      130 TO      169 ON WORKER2
 ITERATION         1000
 STARTING SUBJECTS          1 TO       90 ON MANAGER: OK
 STARTING SUBJECTS         91 TO      129 ON WORKER1: OK
 STARTING SUBJECTS        130 TO      169 ON WORKER2: OK
 STARTING SUBJECTS        170 TO      208 ON WORKER3: OK
 COLLECTING SUBJECTS        1 TO       90 ON MANAGER
 COLLECTING SUBJECTS       91 TO      129 ON WORKER1
 COLLECTING SUBJECTS      130 TO      169 ON WORKER2
 COLLECTING SUBJECTS      170 TO      208 ON WORKER3
 ITERATION         1000
 STARTING SUBJECTS          1 TO       90 ON MANAGER: OK
 STARTING SUBJECTS         91 TO      129 ON WORKER1: OK
 STARTING SUBJECTS        130 TO      169 ON WORKER2: OK
 STARTING SUBJECTS        170 TO      208 ON WORKER3: OK
 COLLECTING SUBJECTS        1 TO       90 ON MANAGER
 COLLECTING SUBJECTS       91 TO      129 ON WORKER1
 COLLECTING SUBJECTS      130 TO      169 ON WORKER2
 COLLECTING SUBJECTS      170 TO      208 ON WORKER3
 ITERATION         1000
 STARTING SUBJECTS          1 TO       90 ON MANAGER: OK
 STARTING SUBJECTS         91 TO      129 ON WORKER1: OK
 STARTING SUBJECTS        130 TO      169 ON WORKER2: OK
 STARTING SUBJECTS        170 TO      208 ON WORKER3: OK
 COLLECTING SUBJECTS        1 TO       90 ON MANAGER
 COLLECTING SUBJECTS       91 TO      129 ON WORKER1
 COLLECTING SUBJECTS      130 TO      169 ON WORKER2
 COLLECTING SUBJECTS      170 TO      208 ON WORKER3
 ITERATION         1000
 STARTING SUBJECTS          1 TO       90 ON MANAGER: OK
 STARTING SUBJECTS         91 TO      129 ON WORKER1: OK
 STARTING SUBJECTS        130 TO      169 ON WORKER2: OK
 STARTING SUBJECTS        170 TO      208 ON WORKER3: OK
 COLLECTING SUBJECTS        1 TO       90 ON MANAGER
 COLLECTING SUBJECTS       91 TO      129 ON WORKER1
 COLLECTING SUBJECTS      130 TO      169 ON WORKER2
 COLLECTING SUBJECTS      170 TO      208 ON WORKER3
 ITERATION         1000
 STARTING SUBJECTS          1 TO       90 ON MANAGER: OK
 STARTING SUBJECTS         91 TO      129 ON WORKER1: OK
 STARTING SUBJECTS        130 TO      169 ON WORKER2: OK
 STARTING SUBJECTS        170 TO      208 ON WORKER3: OK
 COLLECTING SUBJECTS        1 TO       90 ON MANAGER
 COLLECTING SUBJECTS       91 TO      129 ON WORKER1
 COLLECTING SUBJECTS      170 TO      208 ON WORKER3
 COLLECTING SUBJECTS      130 TO      169 ON WORKER2
 ITERATION         1000
 STARTING SUBJECTS          1 TO       90 ON MANAGER: OK
 STARTING SUBJECTS         91 TO      129 ON WORKER1: OK
 STARTING SUBJECTS        130 TO      169 ON WORKER2: OK
 STARTING SUBJECTS        170 TO      208 ON WORKER3: OK
 COLLECTING SUBJECTS        1 TO       90 ON MANAGER
 COLLECTING SUBJECTS      130 TO      169 ON WORKER2
 COLLECTING SUBJECTS      170 TO      208 ON WORKER3
 COLLECTING SUBJECTS       91 TO      129 ON WORKER1
 ITERATION         1000
 STARTING SUBJECTS          1 TO       90 ON MANAGER: OK
 STARTING SUBJECTS         91 TO      129 ON WORKER1: OK
 STARTING SUBJECTS        130 TO      169 ON WORKER2: OK
 STARTING SUBJECTS        170 TO      208 ON WORKER3: OK
 COLLECTING SUBJECTS        1 TO       90 ON MANAGER
 COLLECTING SUBJECTS       91 TO      129 ON WORKER1
 COLLECTING SUBJECTS      130 TO      169 ON WORKER2
 COLLECTING SUBJECTS      170 TO      208 ON WORKER3
 ITERATION         1000
 STARTING SUBJECTS          1 TO       90 ON MANAGER: OK
 STARTING SUBJECTS         91 TO      129 ON WORKER1: OK
 STARTING SUBJECTS        130 TO      169 ON WORKER2: OK
 STARTING SUBJECTS        170 TO      208 ON WORKER3: OK
 COLLECTING SUBJECTS        1 TO       90 ON MANAGER
 COLLECTING SUBJECTS       91 TO      129 ON WORKER1
 COLLECTING SUBJECTS      130 TO      169 ON WORKER2
 COLLECTING SUBJECTS      170 TO      208 ON WORKER3
 ITERATION         1000
 STARTING SUBJECTS          1 TO       90 ON MANAGER: OK
 STARTING SUBJECTS         91 TO      129 ON WORKER1: OK
 STARTING SUBJECTS        130 TO      169 ON WORKER2: OK
 STARTING SUBJECTS        170 TO      208 ON WORKER3: OK
 COLLECTING SUBJECTS        1 TO       90 ON MANAGER
 COLLECTING SUBJECTS       91 TO      129 ON WORKER1
 COLLECTING SUBJECTS      130 TO      169 ON WORKER2
 COLLECTING SUBJECTS      170 TO      208 ON WORKER3
 ITERATION         1000
 STARTING SUBJECTS          1 TO       90 ON MANAGER: OK
 STARTING SUBJECTS         91 TO      129 ON WORKER1: OK
 STARTING SUBJECTS        130 TO      169 ON WORKER2: OK
 STARTING SUBJECTS        170 TO      208 ON WORKER3: OK
 COLLECTING SUBJECTS        1 TO       90 ON MANAGER
 COLLECTING SUBJECTS       91 TO      129 ON WORKER1
 COLLECTING SUBJECTS      170 TO      208 ON WORKER3
 COLLECTING SUBJECTS      130 TO      169 ON WORKER2
 ITERATION         1000
 STARTING SUBJECTS          1 TO       90 ON MANAGER: OK
 STARTING SUBJECTS         91 TO      129 ON WORKER1: OK
 STARTING SUBJECTS        130 TO      169 ON WORKER2: OK
 STARTING SUBJECTS        170 TO      208 ON WORKER3: OK
 COLLECTING SUBJECTS        1 TO       90 ON MANAGER
 COLLECTING SUBJECTS       91 TO      129 ON WORKER1
 COLLECTING SUBJECTS      170 TO      208 ON WORKER3
 COLLECTING SUBJECTS      130 TO      169 ON WORKER2
 ITERATION         1000
 STARTING SUBJECTS          1 TO       90 ON MANAGER: OK
 STARTING SUBJECTS         91 TO      129 ON WORKER1: OK
 STARTING SUBJECTS        130 TO      169 ON WORKER2: OK
 STARTING SUBJECTS        170 TO      208 ON WORKER3: OK
 COLLECTING SUBJECTS        1 TO       90 ON MANAGER
 COLLECTING SUBJECTS       91 TO      129 ON WORKER1
 COLLECTING SUBJECTS      170 TO      208 ON WORKER3
 COLLECTING SUBJECTS      130 TO      169 ON WORKER2
 ITERATION         1000
 STARTING SUBJECTS          1 TO       90 ON MANAGER: OK
 STARTING SUBJECTS         91 TO      129 ON WORKER1: OK
 STARTING SUBJECTS        130 TO      169 ON WORKER2: OK
 STARTING SUBJECTS        170 TO      208 ON WORKER3: OK
 COLLECTING SUBJECTS        1 TO       90 ON MANAGER
 COLLECTING SUBJECTS       91 TO      129 ON WORKER1
 COLLECTING SUBJECTS      130 TO      169 ON WORKER2
 COLLECTING SUBJECTS      170 TO      208 ON WORKER3
 ITERATION         1000
 STARTING SUBJECTS          1 TO       90 ON MANAGER: OK
 STARTING SUBJECTS         91 TO      129 ON WORKER1: OK
 STARTING SUBJECTS        130 TO      169 ON WORKER2: OK
 STARTING SUBJECTS        170 TO      208 ON WORKER3: OK
 COLLECTING SUBJECTS        1 TO       90 ON MANAGER
 COLLECTING SUBJECTS       91 TO      129 ON WORKER1
 COLLECTING SUBJECTS      130 TO      169 ON WORKER2
 COLLECTING SUBJECTS      170 TO      208 ON WORKER3
 ITERATION         1000
 STARTING SUBJECTS          1 TO       90 ON MANAGER: OK
 STARTING SUBJECTS         91 TO      129 ON WORKER1: OK
 STARTING SUBJECTS        130 TO      169 ON WORKER2: OK
 STARTING SUBJECTS        170 TO      208 ON WORKER3: OK
 COLLECTING SUBJECTS        1 TO       90 ON MANAGER
 COLLECTING SUBJECTS       91 TO      129 ON WORKER1
 COLLECTING SUBJECTS      130 TO      169 ON WORKER2
 COLLECTING SUBJECTS      170 TO      208 ON WORKER3
 ITERATION         1000
 STARTING SUBJECTS          1 TO       90 ON MANAGER: OK
 STARTING SUBJECTS         91 TO      129 ON WORKER1: OK
 STARTING SUBJECTS        130 TO      169 ON WORKER2: OK
 STARTING SUBJECTS        170 TO      208 ON WORKER3: OK
 COLLECTING SUBJECTS        1 TO       90 ON MANAGER
 COLLECTING SUBJECTS       91 TO      129 ON WORKER1
 COLLECTING SUBJECTS      170 TO      208 ON WORKER3
 COLLECTING SUBJECTS      130 TO      169 ON WORKER2
 ITERATION         1000
 STARTING SUBJECTS          1 TO       90 ON MANAGER: OK
 STARTING SUBJECTS         91 TO      129 ON WORKER1: OK
 STARTING SUBJECTS        130 TO      169 ON WORKER2: OK
 STARTING SUBJECTS        170 TO      208 ON WORKER3: OK
 COLLECTING SUBJECTS        1 TO       90 ON MANAGER
 COLLECTING SUBJECTS       91 TO      129 ON WORKER1
 COLLECTING SUBJECTS      130 TO      169 ON WORKER2
 COLLECTING SUBJECTS      170 TO      208 ON WORKER3
 ITERATION         1000
 STARTING SUBJECTS          1 TO       90 ON MANAGER: OK
 STARTING SUBJECTS         91 TO      129 ON WORKER1: OK
 STARTING SUBJECTS        130 TO      169 ON WORKER2: OK
 STARTING SUBJECTS        170 TO      208 ON WORKER3: OK
 COLLECTING SUBJECTS        1 TO       90 ON MANAGER
 COLLECTING SUBJECTS       91 TO      129 ON WORKER1
 COLLECTING SUBJECTS      130 TO      169 ON WORKER2
 COLLECTING SUBJECTS      170 TO      208 ON WORKER3
 ITERATION         1000
 STARTING SUBJECTS          1 TO       90 ON MANAGER: OK
 STARTING SUBJECTS         91 TO      129 ON WORKER1: OK
 STARTING SUBJECTS        130 TO      169 ON WORKER2: OK
 STARTING SUBJECTS        170 TO      208 ON WORKER3: OK
 COLLECTING SUBJECTS        1 TO       90 ON MANAGER
 COLLECTING SUBJECTS       91 TO      129 ON WORKER1
 COLLECTING SUBJECTS      130 TO      169 ON WORKER2
 COLLECTING SUBJECTS      170 TO      208 ON WORKER3
 ITERATION         1000
 STARTING SUBJECTS          1 TO       90 ON MANAGER: OK
 STARTING SUBJECTS         91 TO      129 ON WORKER1: OK
 STARTING SUBJECTS        130 TO      169 ON WORKER2: OK
 STARTING SUBJECTS        170 TO      208 ON WORKER3: OK
 COLLECTING SUBJECTS        1 TO       90 ON MANAGER
 COLLECTING SUBJECTS      130 TO      169 ON WORKER2
 COLLECTING SUBJECTS      170 TO      208 ON WORKER3
 COLLECTING SUBJECTS       91 TO      129 ON WORKER1
 ITERATION         1000
 STARTING SUBJECTS          1 TO       90 ON MANAGER: OK
 STARTING SUBJECTS         91 TO      129 ON WORKER1: OK
 STARTING SUBJECTS        130 TO      169 ON WORKER2: OK
 STARTING SUBJECTS        170 TO      208 ON WORKER3: OK
 COLLECTING SUBJECTS        1 TO       90 ON MANAGER
 COLLECTING SUBJECTS       91 TO      129 ON WORKER1
 COLLECTING SUBJECTS      130 TO      169 ON WORKER2
 COLLECTING SUBJECTS      170 TO      208 ON WORKER3
 ITERATION         1000
 STARTING SUBJECTS          1 TO       90 ON MANAGER: OK
 STARTING SUBJECTS         91 TO      129 ON WORKER1: OK
 STARTING SUBJECTS        130 TO      169 ON WORKER2: OK
 STARTING SUBJECTS        170 TO      208 ON WORKER3: OK
 COLLECTING SUBJECTS        1 TO       90 ON MANAGER
 COLLECTING SUBJECTS       91 TO      129 ON WORKER1
 COLLECTING SUBJECTS      130 TO      169 ON WORKER2
 COLLECTING SUBJECTS      170 TO      208 ON WORKER3
 ITERATION         1000
 STARTING SUBJECTS          1 TO       90 ON MANAGER: OK
 STARTING SUBJECTS         91 TO      129 ON WORKER1: OK
 STARTING SUBJECTS        130 TO      169 ON WORKER2: OK
 STARTING SUBJECTS        170 TO      208 ON WORKER3: OK
 COLLECTING SUBJECTS        1 TO       90 ON MANAGER
 COLLECTING SUBJECTS       91 TO      129 ON WORKER1
 COLLECTING SUBJECTS      170 TO      208 ON WORKER3
 COLLECTING SUBJECTS      130 TO      169 ON WORKER2
 ITERATION         1000
 STARTING SUBJECTS          1 TO       90 ON MANAGER: OK
 STARTING SUBJECTS         91 TO      129 ON WORKER1: OK
 STARTING SUBJECTS        130 TO      169 ON WORKER2: OK
 STARTING SUBJECTS        170 TO      208 ON WORKER3: OK
 COLLECTING SUBJECTS        1 TO       90 ON MANAGER
 COLLECTING SUBJECTS      130 TO      169 ON WORKER2
 COLLECTING SUBJECTS      170 TO      208 ON WORKER3
 COLLECTING SUBJECTS       91 TO      129 ON WORKER1
 ITERATION         1000
 STARTING SUBJECTS          1 TO       90 ON MANAGER: OK
 STARTING SUBJECTS         91 TO      129 ON WORKER1: OK
 STARTING SUBJECTS        130 TO      169 ON WORKER2: OK
 STARTING SUBJECTS        170 TO      208 ON WORKER3: OK
 COLLECTING SUBJECTS        1 TO       90 ON MANAGER
 COLLECTING SUBJECTS       91 TO      129 ON WORKER1
 COLLECTING SUBJECTS      130 TO      169 ON WORKER2
 COLLECTING SUBJECTS      170 TO      208 ON WORKER3
 ITERATION         1000
 STARTING SUBJECTS          1 TO       90 ON MANAGER: OK
 STARTING SUBJECTS         91 TO      129 ON WORKER1: OK
 STARTING SUBJECTS        130 TO      169 ON WORKER2: OK
 STARTING SUBJECTS        170 TO      208 ON WORKER3: OK
 COLLECTING SUBJECTS        1 TO       90 ON MANAGER
 COLLECTING SUBJECTS       91 TO      129 ON WORKER1
 COLLECTING SUBJECTS      130 TO      169 ON WORKER2
 COLLECTING SUBJECTS      170 TO      208 ON WORKER3
 ITERATION         1000
 STARTING SUBJECTS          1 TO       90 ON MANAGER: OK
 STARTING SUBJECTS         91 TO      129 ON WORKER1: OK
 STARTING SUBJECTS        130 TO      169 ON WORKER2: OK
 STARTING SUBJECTS        170 TO      208 ON WORKER3: OK
 COLLECTING SUBJECTS        1 TO       90 ON MANAGER
 COLLECTING SUBJECTS       91 TO      129 ON WORKER1
 COLLECTING SUBJECTS      170 TO      208 ON WORKER3
 COLLECTING SUBJECTS      130 TO      169 ON WORKER2
 ITERATION         1000
 STARTING SUBJECTS          1 TO       90 ON MANAGER: OK
 STARTING SUBJECTS         91 TO      129 ON WORKER1: OK
 STARTING SUBJECTS        130 TO      169 ON WORKER2: OK
 STARTING SUBJECTS        170 TO      208 ON WORKER3: OK
 COLLECTING SUBJECTS        1 TO       90 ON MANAGER
 COLLECTING SUBJECTS       91 TO      129 ON WORKER1
 COLLECTING SUBJECTS      130 TO      169 ON WORKER2
 COLLECTING SUBJECTS      170 TO      208 ON WORKER3
 ITERATION         1000
 STARTING SUBJECTS          1 TO       90 ON MANAGER: OK
 STARTING SUBJECTS         91 TO      129 ON WORKER1: OK
 STARTING SUBJECTS        130 TO      169 ON WORKER2: OK
 STARTING SUBJECTS        170 TO      208 ON WORKER3: OK
 COLLECTING SUBJECTS        1 TO       90 ON MANAGER
 COLLECTING SUBJECTS       91 TO      129 ON WORKER1
 COLLECTING SUBJECTS      170 TO      208 ON WORKER3
 COLLECTING SUBJECTS      130 TO      169 ON WORKER2
 ITERATION         1000
 STARTING SUBJECTS          1 TO       90 ON MANAGER: OK
 STARTING SUBJECTS         91 TO      129 ON WORKER1: OK
 STARTING SUBJECTS        130 TO      169 ON WORKER2: OK
 STARTING SUBJECTS        170 TO      208 ON WORKER3: OK
 COLLECTING SUBJECTS        1 TO       90 ON MANAGER
 COLLECTING SUBJECTS      130 TO      169 ON WORKER2
 COLLECTING SUBJECTS      170 TO      208 ON WORKER3
 COLLECTING SUBJECTS       91 TO      129 ON WORKER1
 ITERATION         1000
 STARTING SUBJECTS          1 TO       90 ON MANAGER: OK
 STARTING SUBJECTS         91 TO      129 ON WORKER1: OK
 STARTING SUBJECTS        130 TO      169 ON WORKER2: OK
 STARTING SUBJECTS        170 TO      208 ON WORKER3: OK
 COLLECTING SUBJECTS        1 TO       90 ON MANAGER
 COLLECTING SUBJECTS       91 TO      129 ON WORKER1
 COLLECTING SUBJECTS      130 TO      169 ON WORKER2
 COLLECTING SUBJECTS      170 TO      208 ON WORKER3
 ITERATION         1000
 STARTING SUBJECTS          1 TO       90 ON MANAGER: OK
 STARTING SUBJECTS         91 TO      129 ON WORKER1: OK
 STARTING SUBJECTS        130 TO      169 ON WORKER2: OK
 STARTING SUBJECTS        170 TO      208 ON WORKER3: OK
 COLLECTING SUBJECTS        1 TO       90 ON MANAGER
 COLLECTING SUBJECTS       91 TO      129 ON WORKER1
 COLLECTING SUBJECTS      170 TO      208 ON WORKER3
 COLLECTING SUBJECTS      130 TO      169 ON WORKER2
 ITERATION         1000
 STARTING SUBJECTS          1 TO       90 ON MANAGER: OK
 STARTING SUBJECTS         91 TO      129 ON WORKER1: OK
 STARTING SUBJECTS        130 TO      169 ON WORKER2: OK
 STARTING SUBJECTS        170 TO      208 ON WORKER3: OK
 COLLECTING SUBJECTS        1 TO       90 ON MANAGER
 COLLECTING SUBJECTS       91 TO      129 ON WORKER1
 COLLECTING SUBJECTS      130 TO      169 ON WORKER2
 COLLECTING SUBJECTS      170 TO      208 ON WORKER3
 ITERATION         1000
 STARTING SUBJECTS          1 TO       90 ON MANAGER: OK
 STARTING SUBJECTS         91 TO      129 ON WORKER1: OK
 STARTING SUBJECTS        130 TO      169 ON WORKER2: OK
 STARTING SUBJECTS        170 TO      208 ON WORKER3: OK
 COLLECTING SUBJECTS        1 TO       90 ON MANAGER
 COLLECTING SUBJECTS       91 TO      129 ON WORKER1
 COLLECTING SUBJECTS      130 TO      169 ON WORKER2
 COLLECTING SUBJECTS      170 TO      208 ON WORKER3
 ITERATION         1000
 STARTING SUBJECTS          1 TO       90 ON MANAGER: OK
 STARTING SUBJECTS         91 TO      129 ON WORKER1: OK
 STARTING SUBJECTS        130 TO      169 ON WORKER2: OK
 STARTING SUBJECTS        170 TO      208 ON WORKER3: OK
 COLLECTING SUBJECTS        1 TO       90 ON MANAGER
 COLLECTING SUBJECTS      130 TO      169 ON WORKER2
 COLLECTING SUBJECTS       91 TO      129 ON WORKER1
 COLLECTING SUBJECTS      170 TO      208 ON WORKER3
 ITERATION         1000
 STARTING SUBJECTS          1 TO       90 ON MANAGER: OK
 STARTING SUBJECTS         91 TO      129 ON WORKER1: OK
 STARTING SUBJECTS        130 TO      169 ON WORKER2: OK
 STARTING SUBJECTS        170 TO      208 ON WORKER3: OK
 COLLECTING SUBJECTS        1 TO       90 ON MANAGER
 COLLECTING SUBJECTS      130 TO      169 ON WORKER2
 COLLECTING SUBJECTS      170 TO      208 ON WORKER3
 COLLECTING SUBJECTS       91 TO      129 ON WORKER1
 ITERATION         1000
 STARTING SUBJECTS          1 TO       90 ON MANAGER: OK
 STARTING SUBJECTS         91 TO      129 ON WORKER1: OK
 STARTING SUBJECTS        130 TO      169 ON WORKER2: OK
 STARTING SUBJECTS        170 TO      208 ON WORKER3: OK
 COLLECTING SUBJECTS        1 TO       90 ON MANAGER
 COLLECTING SUBJECTS      130 TO      169 ON WORKER2
 COLLECTING SUBJECTS      170 TO      208 ON WORKER3
 COLLECTING SUBJECTS       91 TO      129 ON WORKER1
 ITERATION         1000
 STARTING SUBJECTS          1 TO       90 ON MANAGER: OK
 STARTING SUBJECTS         91 TO      129 ON WORKER1: OK
 STARTING SUBJECTS        130 TO      169 ON WORKER2: OK
 STARTING SUBJECTS        170 TO      208 ON WORKER3: OK
 COLLECTING SUBJECTS        1 TO       90 ON MANAGER
 COLLECTING SUBJECTS       91 TO      129 ON WORKER1
 COLLECTING SUBJECTS      130 TO      169 ON WORKER2
 COLLECTING SUBJECTS      170 TO      208 ON WORKER3
 ITERATION         1000
 STARTING SUBJECTS          1 TO       90 ON MANAGER: OK
 STARTING SUBJECTS         91 TO      129 ON WORKER1: OK
 STARTING SUBJECTS        130 TO      169 ON WORKER2: OK
 STARTING SUBJECTS        170 TO      208 ON WORKER3: OK
 COLLECTING SUBJECTS        1 TO       90 ON MANAGER
 COLLECTING SUBJECTS       91 TO      129 ON WORKER1
 COLLECTING SUBJECTS      170 TO      208 ON WORKER3
 COLLECTING SUBJECTS      130 TO      169 ON WORKER2
 ITERATION         1000
 STARTING SUBJECTS          1 TO       90 ON MANAGER: OK
 STARTING SUBJECTS         91 TO      129 ON WORKER1: OK
 STARTING SUBJECTS        130 TO      169 ON WORKER2: OK
 STARTING SUBJECTS        170 TO      208 ON WORKER3: OK
 COLLECTING SUBJECTS        1 TO       90 ON MANAGER
 COLLECTING SUBJECTS       91 TO      129 ON WORKER1
 COLLECTING SUBJECTS      170 TO      208 ON WORKER3
 COLLECTING SUBJECTS      130 TO      169 ON WORKER2
 ITERATION         1000
 STARTING SUBJECTS          1 TO       90 ON MANAGER: OK
 STARTING SUBJECTS         91 TO      129 ON WORKER1: OK
 STARTING SUBJECTS        130 TO      169 ON WORKER2: OK
 STARTING SUBJECTS        170 TO      208 ON WORKER3: OK
 COLLECTING SUBJECTS        1 TO       90 ON MANAGER
 COLLECTING SUBJECTS       91 TO      129 ON WORKER1
 COLLECTING SUBJECTS      170 TO      208 ON WORKER3
 COLLECTING SUBJECTS      130 TO      169 ON WORKER2
 ITERATION         1000
 STARTING SUBJECTS          1 TO       90 ON MANAGER: OK
 STARTING SUBJECTS         91 TO      129 ON WORKER1: OK
 STARTING SUBJECTS        130 TO      169 ON WORKER2: OK
 STARTING SUBJECTS        170 TO      208 ON WORKER3: OK
 COLLECTING SUBJECTS        1 TO       90 ON MANAGER
 COLLECTING SUBJECTS       91 TO      129 ON WORKER1
 COLLECTING SUBJECTS      170 TO      208 ON WORKER3
 COLLECTING SUBJECTS      130 TO      169 ON WORKER2
 ITERATION         1000
 STARTING SUBJECTS          1 TO       90 ON MANAGER: OK
 STARTING SUBJECTS         91 TO      129 ON WORKER1: OK
 STARTING SUBJECTS        130 TO      169 ON WORKER2: OK
 STARTING SUBJECTS        170 TO      208 ON WORKER3: OK
 COLLECTING SUBJECTS        1 TO       90 ON MANAGER
 COLLECTING SUBJECTS       91 TO      129 ON WORKER1
 COLLECTING SUBJECTS      130 TO      169 ON WORKER2
 COLLECTING SUBJECTS      170 TO      208 ON WORKER3
 ITERATION         1000
 STARTING SUBJECTS          1 TO       90 ON MANAGER: OK
 STARTING SUBJECTS         91 TO      129 ON WORKER1: OK
 STARTING SUBJECTS        130 TO      169 ON WORKER2: OK
 STARTING SUBJECTS        170 TO      208 ON WORKER3: OK
 COLLECTING SUBJECTS        1 TO       90 ON MANAGER
 COLLECTING SUBJECTS       91 TO      129 ON WORKER1
 COLLECTING SUBJECTS      130 TO      169 ON WORKER2
 COLLECTING SUBJECTS      170 TO      208 ON WORKER3
 ITERATION         1000
 STARTING SUBJECTS          1 TO       90 ON MANAGER: OK
 STARTING SUBJECTS         91 TO      129 ON WORKER1: OK
 STARTING SUBJECTS        130 TO      169 ON WORKER2: OK
 STARTING SUBJECTS        170 TO      208 ON WORKER3: OK
 COLLECTING SUBJECTS        1 TO       90 ON MANAGER
 COLLECTING SUBJECTS       91 TO      129 ON WORKER1
 COLLECTING SUBJECTS      130 TO      169 ON WORKER2
 COLLECTING SUBJECTS      170 TO      208 ON WORKER3
 ITERATION         1000
 STARTING SUBJECTS          1 TO       90 ON MANAGER: OK
 STARTING SUBJECTS         91 TO      129 ON WORKER1: OK
 STARTING SUBJECTS        130 TO      169 ON WORKER2: OK
 STARTING SUBJECTS        170 TO      208 ON WORKER3: OK
 COLLECTING SUBJECTS        1 TO       90 ON MANAGER
 COLLECTING SUBJECTS       91 TO      129 ON WORKER1
 COLLECTING SUBJECTS      130 TO      169 ON WORKER2
 COLLECTING SUBJECTS      170 TO      208 ON WORKER3
 ITERATION         1000
 STARTING SUBJECTS          1 TO       90 ON MANAGER: OK
 STARTING SUBJECTS         91 TO      129 ON WORKER1: OK
 STARTING SUBJECTS        130 TO      169 ON WORKER2: OK
 STARTING SUBJECTS        170 TO      208 ON WORKER3: OK
 COLLECTING SUBJECTS        1 TO       90 ON MANAGER
 COLLECTING SUBJECTS       91 TO      129 ON WORKER1
 COLLECTING SUBJECTS      130 TO      169 ON WORKER2
 COLLECTING SUBJECTS      170 TO      208 ON WORKER3
 ITERATION         1000
 STARTING SUBJECTS          1 TO       90 ON MANAGER: OK
 STARTING SUBJECTS         91 TO      129 ON WORKER1: OK
 STARTING SUBJECTS        130 TO      169 ON WORKER2: OK
 STARTING SUBJECTS        170 TO      208 ON WORKER3: OK
 COLLECTING SUBJECTS        1 TO       90 ON MANAGER
 COLLECTING SUBJECTS       91 TO      129 ON WORKER1
 COLLECTING SUBJECTS      170 TO      208 ON WORKER3
 COLLECTING SUBJECTS      130 TO      169 ON WORKER2
 ITERATION         1000
 STARTING SUBJECTS          1 TO       90 ON MANAGER: OK
 STARTING SUBJECTS         91 TO      129 ON WORKER1: OK
 STARTING SUBJECTS        130 TO      169 ON WORKER2: OK
 STARTING SUBJECTS        170 TO      208 ON WORKER3: OK
 COLLECTING SUBJECTS        1 TO       90 ON MANAGER
 COLLECTING SUBJECTS       91 TO      129 ON WORKER1
 COLLECTING SUBJECTS      170 TO      208 ON WORKER3
 COLLECTING SUBJECTS      130 TO      169 ON WORKER2
 ITERATION         1000
 STARTING SUBJECTS          1 TO       90 ON MANAGER: OK
 STARTING SUBJECTS         91 TO      129 ON WORKER1: OK
 STARTING SUBJECTS        130 TO      169 ON WORKER2: OK
 STARTING SUBJECTS        170 TO      208 ON WORKER3: OK
 COLLECTING SUBJECTS        1 TO       90 ON MANAGER
 COLLECTING SUBJECTS       91 TO      129 ON WORKER1
 COLLECTING SUBJECTS      130 TO      169 ON WORKER2
 COLLECTING SUBJECTS      170 TO      208 ON WORKER3
 ITERATION         1000
 STARTING SUBJECTS          1 TO       90 ON MANAGER: OK
 STARTING SUBJECTS         91 TO      129 ON WORKER1: OK
 STARTING SUBJECTS        130 TO      169 ON WORKER2: OK
 STARTING SUBJECTS        170 TO      208 ON WORKER3: OK
 COLLECTING SUBJECTS        1 TO       90 ON MANAGER
 COLLECTING SUBJECTS       91 TO      129 ON WORKER1
 COLLECTING SUBJECTS      130 TO      169 ON WORKER2
 COLLECTING SUBJECTS      170 TO      208 ON WORKER3
 ITERATION         1000
 STARTING SUBJECTS          1 TO       90 ON MANAGER: OK
 STARTING SUBJECTS         91 TO      129 ON WORKER1: OK
 STARTING SUBJECTS        130 TO      169 ON WORKER2: OK
 STARTING SUBJECTS        170 TO      208 ON WORKER3: OK
 COLLECTING SUBJECTS        1 TO       90 ON MANAGER
 COLLECTING SUBJECTS       91 TO      129 ON WORKER1
 COLLECTING SUBJECTS      170 TO      208 ON WORKER3
 COLLECTING SUBJECTS      130 TO      169 ON WORKER2
 ITERATION         1000
 STARTING SUBJECTS          1 TO       90 ON MANAGER: OK
 STARTING SUBJECTS         91 TO      129 ON WORKER1: OK
 STARTING SUBJECTS        130 TO      169 ON WORKER2: OK
 STARTING SUBJECTS        170 TO      208 ON WORKER3: OK
 COLLECTING SUBJECTS        1 TO       90 ON MANAGER
 COLLECTING SUBJECTS       91 TO      129 ON WORKER1
 COLLECTING SUBJECTS      130 TO      169 ON WORKER2
 COLLECTING SUBJECTS      170 TO      208 ON WORKER3
 ITERATION         1000
 STARTING SUBJECTS          1 TO       90 ON MANAGER: OK
 STARTING SUBJECTS         91 TO      129 ON WORKER1: OK
 STARTING SUBJECTS        130 TO      169 ON WORKER2: OK
 STARTING SUBJECTS        170 TO      208 ON WORKER3: OK
 COLLECTING SUBJECTS        1 TO       90 ON MANAGER
 COLLECTING SUBJECTS       91 TO      129 ON WORKER1
 COLLECTING SUBJECTS      130 TO      169 ON WORKER2
 COLLECTING SUBJECTS      170 TO      208 ON WORKER3
 ITERATION         1000
 STARTING SUBJECTS          1 TO       90 ON MANAGER: OK
 STARTING SUBJECTS         91 TO      129 ON WORKER1: OK
 STARTING SUBJECTS        130 TO      169 ON WORKER2: OK
 STARTING SUBJECTS        170 TO      208 ON WORKER3: OK
 COLLECTING SUBJECTS        1 TO       90 ON MANAGER
 COLLECTING SUBJECTS       91 TO      129 ON WORKER1
 COLLECTING SUBJECTS      170 TO      208 ON WORKER3
 COLLECTING SUBJECTS      130 TO      169 ON WORKER2
 ITERATION         1000
 STARTING SUBJECTS          1 TO       90 ON MANAGER: OK
 STARTING SUBJECTS         91 TO      129 ON WORKER1: OK
 STARTING SUBJECTS        130 TO      169 ON WORKER2: OK
 STARTING SUBJECTS        170 TO      208 ON WORKER3: OK
 COLLECTING SUBJECTS        1 TO       90 ON MANAGER
 COLLECTING SUBJECTS       91 TO      129 ON WORKER1
 COLLECTING SUBJECTS      130 TO      169 ON WORKER2
 COLLECTING SUBJECTS      170 TO      208 ON WORKER3
 ITERATION         1000
 STARTING SUBJECTS          1 TO       90 ON MANAGER: OK
 STARTING SUBJECTS         91 TO      129 ON WORKER1: OK
 STARTING SUBJECTS        130 TO      169 ON WORKER2: OK
 STARTING SUBJECTS        170 TO      208 ON WORKER3: OK
 COLLECTING SUBJECTS        1 TO       90 ON MANAGER
 COLLECTING SUBJECTS       91 TO      129 ON WORKER1
 COLLECTING SUBJECTS      130 TO      169 ON WORKER2
 COLLECTING SUBJECTS      170 TO      208 ON WORKER3
 ITERATION         1000
 STARTING SUBJECTS          1 TO       90 ON MANAGER: OK
 STARTING SUBJECTS         91 TO      129 ON WORKER1: OK
 STARTING SUBJECTS        130 TO      169 ON WORKER2: OK
 STARTING SUBJECTS        170 TO      208 ON WORKER3: OK
 COLLECTING SUBJECTS        1 TO       90 ON MANAGER
 COLLECTING SUBJECTS       91 TO      129 ON WORKER1
 COLLECTING SUBJECTS      170 TO      208 ON WORKER3
 COLLECTING SUBJECTS      130 TO      169 ON WORKER2
 ITERATION         1000
 STARTING SUBJECTS          1 TO       90 ON MANAGER: OK
 STARTING SUBJECTS         91 TO      129 ON WORKER1: OK
 STARTING SUBJECTS        130 TO      169 ON WORKER2: OK
 STARTING SUBJECTS        170 TO      208 ON WORKER3: OK
 COLLECTING SUBJECTS        1 TO       90 ON MANAGER
 COLLECTING SUBJECTS       91 TO      129 ON WORKER1
 COLLECTING SUBJECTS      130 TO      169 ON WORKER2
 COLLECTING SUBJECTS      170 TO      208 ON WORKER3
 ITERATION         1000
 STARTING SUBJECTS          1 TO       90 ON MANAGER: OK
 STARTING SUBJECTS         91 TO      129 ON WORKER1: OK
 STARTING SUBJECTS        130 TO      169 ON WORKER2: OK
 STARTING SUBJECTS        170 TO      208 ON WORKER3: OK
 COLLECTING SUBJECTS        1 TO       90 ON MANAGER
 COLLECTING SUBJECTS       91 TO      129 ON WORKER1
 COLLECTING SUBJECTS      130 TO      169 ON WORKER2
 COLLECTING SUBJECTS      170 TO      208 ON WORKER3
 ITERATION         1000
 STARTING SUBJECTS          1 TO       90 ON MANAGER: OK
 STARTING SUBJECTS         91 TO      129 ON WORKER1: OK
 STARTING SUBJECTS        130 TO      169 ON WORKER2: OK
 STARTING SUBJECTS        170 TO      208 ON WORKER3: OK
 COLLECTING SUBJECTS        1 TO       90 ON MANAGER
 COLLECTING SUBJECTS       91 TO      129 ON WORKER1
 COLLECTING SUBJECTS      170 TO      208 ON WORKER3
 COLLECTING SUBJECTS      130 TO      169 ON WORKER2
 ITERATION         1000
 STARTING SUBJECTS          1 TO       90 ON MANAGER: OK
 STARTING SUBJECTS         91 TO      129 ON WORKER1: OK
 STARTING SUBJECTS        130 TO      169 ON WORKER2: OK
 STARTING SUBJECTS        170 TO      208 ON WORKER3: OK
 COLLECTING SUBJECTS        1 TO       90 ON MANAGER
 COLLECTING SUBJECTS       91 TO      129 ON WORKER1
 COLLECTING SUBJECTS      170 TO      208 ON WORKER3
 COLLECTING SUBJECTS      130 TO      169 ON WORKER2
PARAFILE=200_3.pnm, PROTOCOL=MPI, NODES= 4
FNLETA STEP : Problem=1 Subproblem=0 Superproblem1=0 Iteration1=0 Superproblem2=0 Iteration2=0
 ITERATION            0
 STARTING SUBJECTS          1 TO       52 ON MANAGER: OK
 STARTING SUBJECTS         53 TO      104 ON WORKER1: OK
 STARTING SUBJECTS        105 TO      156 ON WORKER2: OK
 STARTING SUBJECTS        157 TO      208 ON WORKER3: OK
 COLLECTING SUBJECTS        1 TO       52 ON MANAGER
 COLLECTING SUBJECTS       53 TO      104 ON WORKER1
 COLLECTING SUBJECTS      157 TO      208 ON WORKER3
 COLLECTING SUBJECTS      105 TO      156 ON WORKER2
PARAFILE=200_3.pnm, PROTOCOL=MPI, NODES= 4
WRES STEP : Problem=1 Subproblem=0 Superproblem1=0 Iteration1=0 Superproblem2=0 Iteration2=0
 ITERATION            0
 STARTING SUBJECTS          1 TO       52 ON MANAGER: OK
 STARTING SUBJECTS         53 TO      104 ON WORKER1: OK
 STARTING SUBJECTS        105 TO      156 ON WORKER2: OK
 STARTING SUBJECTS        157 TO      208 ON WORKER3: OK
 COLLECTING SUBJECTS        1 TO       52 ON MANAGER
 COLLECTING SUBJECTS       53 TO      104 ON WORKER1
 COLLECTING SUBJECTS      105 TO      156 ON WORKER2
 COLLECTING SUBJECTS      157 TO      208 ON WORKER3
 Tot. mngr. proc.   Time for this  Iteration  (DDD:HH:MM:SS.DD) 000:00:00:00.02
 Total Load         Time for this  Iteration  (DDD:HH:MM:SS.DD) 000:00:00:00.02
 Total Computation  Time for this  Iteration  (DDD:HH:MM:SS.DD) 000:00:00:00.01
 Accum. mngr. proc. Time among all Iterations (DDD:HH:MM:SS.DD) 000:00:00:00.02
 Accumulated Load   Time among all Iterations (DDD:HH:MM:SS.DD) 000:00:00:00.02
 Accumulated Comp.  Time among all Iterations (DDD:HH:MM:SS.DD) 000:00:00:00.01
 Accumulated CPU    Time of present job       (DDD:HH:MM:SS.DD) 000:07:25:58.43

 ITERATION            1
 STARTING SUBJECTS          1 TO       53 ON MANAGER: OK
 STARTING SUBJECTS         54 TO      105 ON WORKER1: OK
 STARTING SUBJECTS        106 TO      157 ON WORKER2: OK
 STARTING SUBJECTS        158 TO      208 ON WORKER3: OK
 COLLECTING SUBJECTS        1 TO       53 ON MANAGER
 COLLECTING SUBJECTS      106 TO      157 ON WORKER2
 COLLECTING SUBJECTS      158 TO      208 ON WORKER3
 COLLECTING SUBJECTS       54 TO      105 ON WORKER1
